[DEBUG] [2503 ms] [09-08-2017 15:48:01] [StandardServletEnvironment (addFirst : 98)] -
					Adding [configurationProperties] PropertySource with highest search precedence
[DEBUG] [2708 ms] [09-08-2017 15:48:02] [StandardServletEnvironment (addLast : 110)] -
					Adding [servletConfigInitParams] PropertySource with lowest search precedence
[DEBUG] [2708 ms] [09-08-2017 15:48:02] [StandardServletEnvironment (addLast : 110)] -
					Adding [servletContextInitParams] PropertySource with lowest search precedence
[DEBUG] [2710 ms] [09-08-2017 15:48:02] [StandardServletEnvironment (addLast : 110)] -
					Adding [systemProperties] PropertySource with lowest search precedence
[DEBUG] [2710 ms] [09-08-2017 15:48:02] [StandardServletEnvironment (addLast : 110)] -
					Adding [systemEnvironment] PropertySource with lowest search precedence
[DEBUG] [2712 ms] [09-08-2017 15:48:02] [StandardServletEnvironment (<init> : 125)] -
					Initialized StandardServletEnvironment with PropertySources [servletConfigInitParams,servletContextInitParams,systemProperties,systemEnvironment]
[DEBUG] [6567 ms] [09-08-2017 15:48:05] [StandardServletEnvironment (remove : 161)] -
					Removing [defaultProperties] PropertySource
[DEBUG] [8982 ms] [09-08-2017 15:48:08] [ContextLoader (prepareWebApplicationContext : 259)] -
					Published root WebApplicationContext as ServletContext attribute with name [org.springframework.web.context.WebApplicationContext.ROOT]
[INFO] [8983 ms] [09-08-2017 15:48:08] [ContextLoader (prepareWebApplicationContext : 267)] -
					Root WebApplicationContext: initialization completed in 6047 ms
[DEBUG] [9934 ms] [09-08-2017 15:48:09] [StandardServletEnvironment (replace : 176)] -
					Replacing [servletContextInitParams] PropertySource with [servletContextInitParams]
