[DEBUG] [1133 ms] [09-20-2017 10:05:52] [StandardServletEnvironment (addFirst : 98)] -
					Adding [configurationProperties] PropertySource with highest search precedence
[DEBUG] [1182 ms] [09-20-2017 10:05:52] [StandardServletEnvironment (addLast : 110)] -
					Adding [servletConfigInitParams] PropertySource with lowest search precedence
[DEBUG] [1183 ms] [09-20-2017 10:05:52] [StandardServletEnvironment (addLast : 110)] -
					Adding [servletContextInitParams] PropertySource with lowest search precedence
[DEBUG] [1183 ms] [09-20-2017 10:05:52] [StandardServletEnvironment (addLast : 110)] -
					Adding [systemProperties] PropertySource with lowest search precedence
[DEBUG] [1184 ms] [09-20-2017 10:05:52] [StandardServletEnvironment (addLast : 110)] -
					Adding [systemEnvironment] PropertySource with lowest search precedence
[DEBUG] [1184 ms] [09-20-2017 10:05:52] [StandardServletEnvironment (<init> : 125)] -
					Initialized StandardServletEnvironment with PropertySources [servletConfigInitParams,servletContextInitParams,systemProperties,systemEnvironment]
[DEBUG] [2727 ms] [09-20-2017 10:05:53] [StandardServletEnvironment (remove : 161)] -
					Removing [defaultProperties] PropertySource
[DEBUG] [3505 ms] [09-20-2017 10:05:54] [ContextLoader (prepareWebApplicationContext : 259)] -
					Published root WebApplicationContext as ServletContext attribute with name [org.springframework.web.context.WebApplicationContext.ROOT]
[INFO] [3506 ms] [09-20-2017 10:05:54] [ContextLoader (prepareWebApplicationContext : 267)] -
					Root WebApplicationContext: initialization completed in 2182 ms
[DEBUG] [3748 ms] [09-20-2017 10:05:54] [StandardServletEnvironment (replace : 176)] -
					Replacing [servletContextInitParams] PropertySource with [servletContextInitParams]
[DEBUG] [9393 ms] [09-20-2017 10:06:00] [RequestMappingHandlerMapping (initHandlerMethods : 199)] -
					Looking for request mappings in application context: org.springframework.boot.web.servlet.context.AnnotationConfigServletWebServerApplicationContext@6c640c07: startup date [Wed Sep 20 10:05:52 EDT 2017]; root of context hierarchy
[DEBUG] [9403 ms] [09-20-2017 10:06:00] [RequestMappingHandlerMapping (detectHandlerMethods : 246)] -
					4 request handler methods found on class com.revature.smp.controller.MessageController: {public java.util.Map com.revature.smp.controller.MessageController.quickSaveAssessment(java.lang.Integer,com.revature.smp.beans.Message)={[/msg/post/{room}],methods=[POST]}, public org.springframework.http.ResponseEntity com.revature.smp.controller.MessageController.getMostRecent(java.lang.Integer)={[/msg/getmostrecent/{room}],methods=[GET],produces=[application/json]}, public org.springframework.http.ResponseEntity com.revature.smp.controller.MessageController.getPrevious(java.lang.Integer,java.lang.Integer)={[/msg/getprevious/{room}/{id}],methods=[GET],produces=[application/json]}, public org.springframework.http.ResponseEntity com.revature.smp.controller.MessageController.getUpdate(java.lang.Integer,java.lang.Integer)={[/msg/getupdate/{room}/{id}],methods=[GET],produces=[application/json]}}
[INFO] [9405 ms] [09-20-2017 10:06:00] [RequestMappingHandlerMapping (register : 549)] -
					Mapped "{[/msg/post/{room}],methods=[POST]}" onto public java.util.Map<java.lang.String, java.lang.Object> com.revature.smp.controller.MessageController.quickSaveAssessment(java.lang.Integer,com.revature.smp.beans.Message)
[INFO] [9406 ms] [09-20-2017 10:06:00] [RequestMappingHandlerMapping (register : 549)] -
					Mapped "{[/msg/getmostrecent/{room}],methods=[GET],produces=[application/json]}" onto public org.springframework.http.ResponseEntity<java.util.List<com.revature.smp.beans.MessageClob>> com.revature.smp.controller.MessageController.getMostRecent(java.lang.Integer)
[INFO] [9406 ms] [09-20-2017 10:06:00] [RequestMappingHandlerMapping (register : 549)] -
					Mapped "{[/msg/getprevious/{room}/{id}],methods=[GET],produces=[application/json]}" onto public org.springframework.http.ResponseEntity<java.util.List<com.revature.smp.beans.MessageClob>> com.revature.smp.controller.MessageController.getPrevious(java.lang.Integer,java.lang.Integer)
[INFO] [9407 ms] [09-20-2017 10:06:00] [RequestMappingHandlerMapping (register : 549)] -
					Mapped "{[/msg/getupdate/{room}/{id}],methods=[GET],produces=[application/json]}" onto public org.springframework.http.ResponseEntity<java.util.List<com.revature.smp.beans.MessageClob>> com.revature.smp.controller.MessageController.getUpdate(java.lang.Integer,java.lang.Integer)
[DEBUG] [9407 ms] [09-20-2017 10:06:00] [RequestMappingHandlerMapping (detectHandlerMethods : 246)] -
					1 request handler methods found on class com.revature.smp.GreetingsController: {public java.lang.String com.revature.smp.GreetingsController.greeting(java.lang.String,org.springframework.ui.Model)={[/greetings]}}
[INFO] [9407 ms] [09-20-2017 10:06:00] [RequestMappingHandlerMapping (register : 549)] -
					Mapped "{[/greetings]}" onto public java.lang.String com.revature.smp.GreetingsController.greeting(java.lang.String,org.springframework.ui.Model)
[DEBUG] [9408 ms] [09-20-2017 10:06:00] [RequestMappingHandlerMapping (detectHandlerMethods : 246)] -
					1 request handler methods found on class com.revature.smp.HelloController: {public java.lang.String com.revature.smp.HelloController.index()={[/restTest]}}
[INFO] [9408 ms] [09-20-2017 10:06:00] [RequestMappingHandlerMapping (register : 549)] -
					Mapped "{[/restTest]}" onto public java.lang.String com.revature.smp.HelloController.index()
[DEBUG] [9408 ms] [09-20-2017 10:06:00] [RequestMappingHandlerMapping (detectHandlerMethods : 246)] -
					2 request handler methods found on class com.revature.smp.TestController: {public org.springframework.http.ResponseEntity com.revature.smp.TestController.junk()={[/junk],methods=[GET],produces=[application/json]}, public org.springframework.http.ResponseEntity com.revature.smp.TestController.getProduct(java.lang.Integer)={[/getproduct/{id}],methods=[GET],produces=[application/json]}}
[INFO] [9408 ms] [09-20-2017 10:06:00] [RequestMappingHandlerMapping (register : 549)] -
					Mapped "{[/junk],methods=[GET],produces=[application/json]}" onto public org.springframework.http.ResponseEntity<java.lang.String> com.revature.smp.TestController.junk()
[INFO] [9409 ms] [09-20-2017 10:06:00] [RequestMappingHandlerMapping (register : 549)] -
					Mapped "{[/getproduct/{id}],methods=[GET],produces=[application/json]}" onto public org.springframework.http.ResponseEntity<java.lang.Integer> com.revature.smp.TestController.getProduct(java.lang.Integer)
[DEBUG] [9412 ms] [09-20-2017 10:06:00] [RequestMappingHandlerMapping (detectHandlerMethods : 246)] -
					2 request handler methods found on class org.springframework.boot.autoconfigure.web.servlet.error.BasicErrorController: {public org.springframework.http.ResponseEntity org.springframework.boot.autoconfigure.web.servlet.error.BasicErrorController.error(javax.servlet.http.HttpServletRequest)={[/error]}, public org.springframework.web.servlet.ModelAndView org.springframework.boot.autoconfigure.web.servlet.error.BasicErrorController.errorHtml(javax.servlet.http.HttpServletRequest,javax.servlet.http.HttpServletResponse)={[/error],produces=[text/html]}}
[INFO] [9412 ms] [09-20-2017 10:06:00] [RequestMappingHandlerMapping (register : 549)] -
					Mapped "{[/error]}" onto public org.springframework.http.ResponseEntity<java.util.Map<java.lang.String, java.lang.Object>> org.springframework.boot.autoconfigure.web.servlet.error.BasicErrorController.error(javax.servlet.http.HttpServletRequest)
[INFO] [9412 ms] [09-20-2017 10:06:00] [RequestMappingHandlerMapping (register : 549)] -
					Mapped "{[/error],produces=[text/html]}" onto public org.springframework.web.servlet.ModelAndView org.springframework.boot.autoconfigure.web.servlet.error.BasicErrorController.errorHtml(javax.servlet.http.HttpServletRequest,javax.servlet.http.HttpServletResponse)
[INFO] [9435 ms] [09-20-2017 10:06:00] [SimpleUrlHandlerMapping (registerHandler : 370)] -
					Mapped URL path [/home] onto handler of type [class org.springframework.web.servlet.mvc.ParameterizableViewController]
[DEBUG] [9444 ms] [09-20-2017 10:06:00] [BeanNameUrlHandlerMapping (detectHandlers : 74)] -
					Looking for URL mappings in application context: org.springframework.boot.web.servlet.context.AnnotationConfigServletWebServerApplicationContext@6c640c07: startup date [Wed Sep 20 10:05:52 EDT 2017]; root of context hierarchy
[DEBUG] [9444 ms] [09-20-2017 10:06:00] [BeanNameUrlHandlerMapping (detectHandlers : 89)] -
					Rejected bean name 'org.springframework.context.annotation.internalConfigurationAnnotationProcessor': no URL paths identified
[DEBUG] [9444 ms] [09-20-2017 10:06:00] [BeanNameUrlHandlerMapping (detectHandlers : 89)] -
					Rejected bean name 'org.springframework.context.annotation.internalAutowiredAnnotationProcessor': no URL paths identified
[DEBUG] [9444 ms] [09-20-2017 10:06:00] [BeanNameUrlHandlerMapping (detectHandlers : 89)] -
					Rejected bean name 'org.springframework.context.annotation.internalRequiredAnnotationProcessor': no URL paths identified
[DEBUG] [9444 ms] [09-20-2017 10:06:00] [BeanNameUrlHandlerMapping (detectHandlers : 89)] -
					Rejected bean name 'org.springframework.context.annotation.internalCommonAnnotationProcessor': no URL paths identified
[DEBUG] [9445 ms] [09-20-2017 10:06:00] [BeanNameUrlHandlerMapping (detectHandlers : 89)] -
					Rejected bean name 'org.springframework.context.annotation.internalPersistenceAnnotationProcessor': no URL paths identified
[DEBUG] [9445 ms] [09-20-2017 10:06:00] [BeanNameUrlHandlerMapping (detectHandlers : 89)] -
					Rejected bean name 'org.springframework.context.event.internalEventListenerProcessor': no URL paths identified
[DEBUG] [9445 ms] [09-20-2017 10:06:00] [BeanNameUrlHandlerMapping (detectHandlers : 89)] -
					Rejected bean name 'org.springframework.context.event.internalEventListenerFactory': no URL paths identified
[DEBUG] [9445 ms] [09-20-2017 10:06:00] [BeanNameUrlHandlerMapping (detectHandlers : 89)] -
					Rejected bean name 'smpApplication': no URL paths identified
[DEBUG] [9445 ms] [09-20-2017 10:06:00] [BeanNameUrlHandlerMapping (detectHandlers : 89)] -
					Rejected bean name 'org.springframework.boot.autoconfigure.internalCachingMetadataReaderFactory': no URL paths identified
[DEBUG] [9445 ms] [09-20-2017 10:06:00] [BeanNameUrlHandlerMapping (detectHandlers : 89)] -
					Rejected bean name 'loggingAspect': no URL paths identified
[DEBUG] [9445 ms] [09-20-2017 10:06:00] [BeanNameUrlHandlerMapping (detectHandlers : 89)] -
					Rejected bean name 'location': no URL paths identified
[DEBUG] [9445 ms] [09-20-2017 10:06:00] [BeanNameUrlHandlerMapping (detectHandlers : 89)] -
					Rejected bean name 'messageBean': no URL paths identified
[DEBUG] [9445 ms] [09-20-2017 10:06:00] [BeanNameUrlHandlerMapping (detectHandlers : 89)] -
					Rejected bean name 'messageClob': no URL paths identified
[DEBUG] [9445 ms] [09-20-2017 10:06:00] [BeanNameUrlHandlerMapping (detectHandlers : 89)] -
					Rejected bean name 'role': no URL paths identified
[DEBUG] [9446 ms] [09-20-2017 10:06:00] [BeanNameUrlHandlerMapping (detectHandlers : 89)] -
					Rejected bean name 'status': no URL paths identified
[DEBUG] [9446 ms] [09-20-2017 10:06:00] [BeanNameUrlHandlerMapping (detectHandlers : 89)] -
					Rejected bean name 'user': no URL paths identified
[DEBUG] [9446 ms] [09-20-2017 10:06:00] [BeanNameUrlHandlerMapping (detectHandlers : 89)] -
					Rejected bean name 'messageController': no URL paths identified
[DEBUG] [9446 ms] [09-20-2017 10:06:00] [BeanNameUrlHandlerMapping (detectHandlers : 89)] -
					Rejected bean name 'simpleCorsFilter': no URL paths identified
[DEBUG] [9446 ms] [09-20-2017 10:06:00] [BeanNameUrlHandlerMapping (detectHandlers : 89)] -
					Rejected bean name 'greetingsController': no URL paths identified
[DEBUG] [9446 ms] [09-20-2017 10:06:00] [BeanNameUrlHandlerMapping (detectHandlers : 89)] -
					Rejected bean name 'helloController': no URL paths identified
[DEBUG] [9446 ms] [09-20-2017 10:06:00] [BeanNameUrlHandlerMapping (detectHandlers : 89)] -
					Rejected bean name 'mvcConfig': no URL paths identified
[DEBUG] [9446 ms] [09-20-2017 10:06:00] [BeanNameUrlHandlerMapping (detectHandlers : 89)] -
					Rejected bean name 'messageBlobServiceImpl': no URL paths identified
[DEBUG] [9446 ms] [09-20-2017 10:06:00] [BeanNameUrlHandlerMapping (detectHandlers : 89)] -
					Rejected bean name 'userServiceImpl': no URL paths identified
[DEBUG] [9447 ms] [09-20-2017 10:06:00] [BeanNameUrlHandlerMapping (detectHandlers : 89)] -
					Rejected bean name 'testController': no URL paths identified
[DEBUG] [9447 ms] [09-20-2017 10:06:00] [BeanNameUrlHandlerMapping (detectHandlers : 89)] -
					Rejected bean name 'alpsController': no URL paths identified
[DEBUG] [9447 ms] [09-20-2017 10:06:00] [BeanNameUrlHandlerMapping (detectHandlers : 89)] -
					Rejected bean name 'profileController': no URL paths identified
[DEBUG] [9447 ms] [09-20-2017 10:06:00] [BeanNameUrlHandlerMapping (detectHandlers : 89)] -
					Rejected bean name 'repositoryPropertyReferenceController': no URL paths identified
[DEBUG] [9447 ms] [09-20-2017 10:06:00] [BeanNameUrlHandlerMapping (detectHandlers : 89)] -
					Rejected bean name 'repositorySearchController': no URL paths identified
[DEBUG] [9447 ms] [09-20-2017 10:06:00] [BeanNameUrlHandlerMapping (detectHandlers : 89)] -
					Rejected bean name 'repositoryController': no URL paths identified
[DEBUG] [9447 ms] [09-20-2017 10:06:00] [BeanNameUrlHandlerMapping (detectHandlers : 89)] -
					Rejected bean name 'repositoryEntityController': no URL paths identified
[DEBUG] [9447 ms] [09-20-2017 10:06:00] [BeanNameUrlHandlerMapping (detectHandlers : 89)] -
					Rejected bean name 'repositorySchemaController': no URL paths identified
[DEBUG] [9447 ms] [09-20-2017 10:06:00] [BeanNameUrlHandlerMapping (detectHandlers : 89)] -
					Rejected bean name 'org.springframework.web.servlet.config.annotation.DelegatingWebMvcConfiguration': no URL paths identified
[DEBUG] [9448 ms] [09-20-2017 10:06:00] [BeanNameUrlHandlerMapping (detectHandlers : 89)] -
					Rejected bean name 'requestMappingHandlerMapping': no URL paths identified
[DEBUG] [9448 ms] [09-20-2017 10:06:00] [BeanNameUrlHandlerMapping (detectHandlers : 89)] -
					Rejected bean name 'mvcPathMatcher': no URL paths identified
[DEBUG] [9448 ms] [09-20-2017 10:06:00] [BeanNameUrlHandlerMapping (detectHandlers : 89)] -
					Rejected bean name 'mvcUrlPathHelper': no URL paths identified
[DEBUG] [9448 ms] [09-20-2017 10:06:00] [BeanNameUrlHandlerMapping (detectHandlers : 89)] -
					Rejected bean name 'mvcContentNegotiationManager': no URL paths identified
[DEBUG] [9448 ms] [09-20-2017 10:06:00] [BeanNameUrlHandlerMapping (detectHandlers : 89)] -
					Rejected bean name 'viewControllerHandlerMapping': no URL paths identified
[DEBUG] [9448 ms] [09-20-2017 10:06:00] [BeanNameUrlHandlerMapping (detectHandlers : 89)] -
					Rejected bean name 'beanNameHandlerMapping': no URL paths identified
[DEBUG] [9448 ms] [09-20-2017 10:06:00] [BeanNameUrlHandlerMapping (detectHandlers : 89)] -
					Rejected bean name 'resourceHandlerMapping': no URL paths identified
[DEBUG] [9448 ms] [09-20-2017 10:06:00] [BeanNameUrlHandlerMapping (detectHandlers : 89)] -
					Rejected bean name 'mvcResourceUrlProvider': no URL paths identified
[DEBUG] [9448 ms] [09-20-2017 10:06:00] [BeanNameUrlHandlerMapping (detectHandlers : 89)] -
					Rejected bean name 'defaultServletHandlerMapping': no URL paths identified
[DEBUG] [9448 ms] [09-20-2017 10:06:00] [BeanNameUrlHandlerMapping (detectHandlers : 89)] -
					Rejected bean name 'requestMappingHandlerAdapter': no URL paths identified
[DEBUG] [9448 ms] [09-20-2017 10:06:00] [BeanNameUrlHandlerMapping (detectHandlers : 89)] -
					Rejected bean name 'mvcConversionService': no URL paths identified
[DEBUG] [9449 ms] [09-20-2017 10:06:00] [BeanNameUrlHandlerMapping (detectHandlers : 89)] -
					Rejected bean name 'mvcValidator': no URL paths identified
[DEBUG] [9449 ms] [09-20-2017 10:06:00] [BeanNameUrlHandlerMapping (detectHandlers : 89)] -
					Rejected bean name 'mvcUriComponentsContributor': no URL paths identified
[DEBUG] [9449 ms] [09-20-2017 10:06:00] [BeanNameUrlHandlerMapping (detectHandlers : 89)] -
					Rejected bean name 'httpRequestHandlerAdapter': no URL paths identified
[DEBUG] [9449 ms] [09-20-2017 10:06:00] [BeanNameUrlHandlerMapping (detectHandlers : 89)] -
					Rejected bean name 'simpleControllerHandlerAdapter': no URL paths identified
[DEBUG] [9449 ms] [09-20-2017 10:06:00] [BeanNameUrlHandlerMapping (detectHandlers : 89)] -
					Rejected bean name 'handlerExceptionResolver': no URL paths identified
[DEBUG] [9449 ms] [09-20-2017 10:06:00] [BeanNameUrlHandlerMapping (detectHandlers : 89)] -
					Rejected bean name 'mvcViewResolver': no URL paths identified
[DEBUG] [9449 ms] [09-20-2017 10:06:00] [BeanNameUrlHandlerMapping (detectHandlers : 89)] -
					Rejected bean name 'org.springframework.scheduling.annotation.SchedulingConfiguration': no URL paths identified
[DEBUG] [9449 ms] [09-20-2017 10:06:00] [BeanNameUrlHandlerMapping (detectHandlers : 89)] -
					Rejected bean name 'org.springframework.context.annotation.internalScheduledAnnotationProcessor': no URL paths identified
[DEBUG] [9449 ms] [09-20-2017 10:06:00] [BeanNameUrlHandlerMapping (detectHandlers : 89)] -
					Rejected bean name 'restTemplate': no URL paths identified
[DEBUG] [9450 ms] [09-20-2017 10:06:00] [BeanNameUrlHandlerMapping (detectHandlers : 89)] -
					Rejected bean name 'org.springframework.boot.autoconfigure.AutoConfigurationPackages': no URL paths identified
[DEBUG] [9450 ms] [09-20-2017 10:06:00] [BeanNameUrlHandlerMapping (detectHandlers : 89)] -
					Rejected bean name 'org.springframework.data.jpa.repository.config.JpaRepositoryConfigExtension#0': no URL paths identified
[DEBUG] [9450 ms] [09-20-2017 10:06:00] [BeanNameUrlHandlerMapping (detectHandlers : 89)] -
					Rejected bean name 'emBeanDefinitionRegistrarPostProcessor': no URL paths identified
[DEBUG] [9450 ms] [09-20-2017 10:06:00] [BeanNameUrlHandlerMapping (detectHandlers : 89)] -
					Rejected bean name 'jpaMappingContext': no URL paths identified
[DEBUG] [9450 ms] [09-20-2017 10:06:00] [BeanNameUrlHandlerMapping (detectHandlers : 89)] -
					Rejected bean name 'jpaContext': no URL paths identified
[DEBUG] [9450 ms] [09-20-2017 10:06:00] [BeanNameUrlHandlerMapping (detectHandlers : 89)] -
					Rejected bean name 'userDAO': no URL paths identified
[DEBUG] [9450 ms] [09-20-2017 10:06:00] [BeanNameUrlHandlerMapping (detectHandlers : 89)] -
					Rejected bean name 'messageBlobDAO': no URL paths identified
[DEBUG] [9450 ms] [09-20-2017 10:06:00] [BeanNameUrlHandlerMapping (detectHandlers : 89)] -
					Rejected bean name 'org.springframework.boot.autoconfigure.context.PropertyPlaceholderAutoConfiguration': no URL paths identified
[DEBUG] [9450 ms] [09-20-2017 10:06:00] [BeanNameUrlHandlerMapping (detectHandlers : 89)] -
					Rejected bean name 'org.springframework.boot.autoconfigure.condition.BeanTypeRegistry': no URL paths identified
[DEBUG] [9451 ms] [09-20-2017 10:06:00] [BeanNameUrlHandlerMapping (detectHandlers : 89)] -
					Rejected bean name 'propertySourcesPlaceholderConfigurer': no URL paths identified
[DEBUG] [9451 ms] [09-20-2017 10:06:00] [BeanNameUrlHandlerMapping (detectHandlers : 89)] -
					Rejected bean name 'org.springframework.boot.autoconfigure.jackson.JacksonAutoConfiguration$Jackson2ObjectMapperBuilderCustomizerConfiguration': no URL paths identified
[DEBUG] [9451 ms] [09-20-2017 10:06:00] [BeanNameUrlHandlerMapping (detectHandlers : 89)] -
					Rejected bean name 'standardJacksonObjectMapperBuilderCustomizer': no URL paths identified
[DEBUG] [9451 ms] [09-20-2017 10:06:00] [BeanNameUrlHandlerMapping (detectHandlers : 89)] -
					Rejected bean name 'spring.jackson-org.springframework.boot.autoconfigure.jackson.JacksonProperties': no URL paths identified
[DEBUG] [9451 ms] [09-20-2017 10:06:00] [BeanNameUrlHandlerMapping (detectHandlers : 89)] -
					Rejected bean name 'org.springframework.boot.context.properties.ConfigurationPropertiesBindingPostProcessor': no URL paths identified
[DEBUG] [9451 ms] [09-20-2017 10:06:00] [BeanNameUrlHandlerMapping (detectHandlers : 89)] -
					Rejected bean name 'org.springframework.boot.context.properties.ConfigurationPropertiesBindingPostProcessor.store': no URL paths identified
[DEBUG] [9451 ms] [09-20-2017 10:06:00] [BeanNameUrlHandlerMapping (detectHandlers : 89)] -
					Rejected bean name 'org.springframework.boot.autoconfigure.jackson.JacksonAutoConfiguration$JacksonObjectMapperBuilderConfiguration': no URL paths identified
[DEBUG] [9451 ms] [09-20-2017 10:06:00] [BeanNameUrlHandlerMapping (detectHandlers : 89)] -
					Rejected bean name 'jacksonObjectMapperBuilder': no URL paths identified
[DEBUG] [9451 ms] [09-20-2017 10:06:00] [BeanNameUrlHandlerMapping (detectHandlers : 89)] -
					Rejected bean name 'org.springframework.boot.autoconfigure.jackson.JacksonAutoConfiguration$ParameterNamesModuleConfiguration': no URL paths identified
[DEBUG] [9452 ms] [09-20-2017 10:06:00] [BeanNameUrlHandlerMapping (detectHandlers : 89)] -
					Rejected bean name 'parameterNamesModule': no URL paths identified
[DEBUG] [9452 ms] [09-20-2017 10:06:00] [BeanNameUrlHandlerMapping (detectHandlers : 89)] -
					Rejected bean name 'org.springframework.boot.autoconfigure.jackson.JacksonAutoConfiguration$JacksonObjectMapperConfiguration': no URL paths identified
[DEBUG] [9452 ms] [09-20-2017 10:06:00] [BeanNameUrlHandlerMapping (detectHandlers : 89)] -
					Rejected bean name 'jacksonObjectMapper': no URL paths identified
[DEBUG] [9452 ms] [09-20-2017 10:06:00] [BeanNameUrlHandlerMapping (detectHandlers : 89)] -
					Rejected bean name 'org.springframework.boot.autoconfigure.jackson.JacksonAutoConfiguration': no URL paths identified
[DEBUG] [9452 ms] [09-20-2017 10:06:00] [BeanNameUrlHandlerMapping (detectHandlers : 89)] -
					Rejected bean name 'jsonComponentModule': no URL paths identified
[DEBUG] [9452 ms] [09-20-2017 10:06:00] [BeanNameUrlHandlerMapping (detectHandlers : 89)] -
					Rejected bean name 'org.springframework.boot.autoconfigure.websocket.servlet.WebSocketServletAutoConfiguration$TomcatWebSocketConfiguration': no URL paths identified
[DEBUG] [9452 ms] [09-20-2017 10:06:00] [BeanNameUrlHandlerMapping (detectHandlers : 89)] -
					Rejected bean name 'websocketContainerCustomizer': no URL paths identified
[DEBUG] [9452 ms] [09-20-2017 10:06:00] [BeanNameUrlHandlerMapping (detectHandlers : 89)] -
					Rejected bean name 'org.springframework.boot.autoconfigure.websocket.servlet.WebSocketServletAutoConfiguration': no URL paths identified
[DEBUG] [9452 ms] [09-20-2017 10:06:00] [BeanNameUrlHandlerMapping (detectHandlers : 89)] -
					Rejected bean name 'org.springframework.boot.autoconfigure.web.servlet.ServletWebServerFactoryAutoConfiguration$EmbeddedTomcat': no URL paths identified
[DEBUG] [9452 ms] [09-20-2017 10:06:00] [BeanNameUrlHandlerMapping (detectHandlers : 89)] -
					Rejected bean name 'tomcatServletWebServerFactory': no URL paths identified
[DEBUG] [9452 ms] [09-20-2017 10:06:00] [BeanNameUrlHandlerMapping (detectHandlers : 89)] -
					Rejected bean name 'org.springframework.boot.autoconfigure.web.servlet.ServletWebServerFactoryAutoConfiguration': no URL paths identified
[DEBUG] [9453 ms] [09-20-2017 10:06:00] [BeanNameUrlHandlerMapping (detectHandlers : 89)] -
					Rejected bean name 'serverPropertiesWebServerFactoryCustomizer': no URL paths identified
[DEBUG] [9453 ms] [09-20-2017 10:06:00] [BeanNameUrlHandlerMapping (detectHandlers : 89)] -
					Rejected bean name 'server-org.springframework.boot.autoconfigure.web.ServerProperties': no URL paths identified
[DEBUG] [9453 ms] [09-20-2017 10:06:00] [BeanNameUrlHandlerMapping (detectHandlers : 89)] -
					Rejected bean name 'webServerFactoryCustomizerBeanPostProcessor': no URL paths identified
[DEBUG] [9453 ms] [09-20-2017 10:06:00] [BeanNameUrlHandlerMapping (detectHandlers : 89)] -
					Rejected bean name 'errorPageRegistrarBeanPostProcessor': no URL paths identified
[DEBUG] [9453 ms] [09-20-2017 10:06:00] [BeanNameUrlHandlerMapping (detectHandlers : 89)] -
					Rejected bean name 'org.springframework.boot.autoconfigure.web.servlet.DispatcherServletAutoConfiguration$DispatcherServletConfiguration': no URL paths identified
[DEBUG] [9453 ms] [09-20-2017 10:06:00] [BeanNameUrlHandlerMapping (detectHandlers : 89)] -
					Rejected bean name 'dispatcherServlet': no URL paths identified
[DEBUG] [9453 ms] [09-20-2017 10:06:00] [BeanNameUrlHandlerMapping (detectHandlers : 89)] -
					Rejected bean name 'spring.mvc-org.springframework.boot.autoconfigure.web.servlet.WebMvcProperties': no URL paths identified
[DEBUG] [9453 ms] [09-20-2017 10:06:00] [BeanNameUrlHandlerMapping (detectHandlers : 89)] -
					Rejected bean name 'org.springframework.boot.autoconfigure.web.servlet.DispatcherServletAutoConfiguration$DispatcherServletRegistrationConfiguration': no URL paths identified
[DEBUG] [9454 ms] [09-20-2017 10:06:00] [BeanNameUrlHandlerMapping (detectHandlers : 89)] -
					Rejected bean name 'dispatcherServletRegistration': no URL paths identified
[DEBUG] [9454 ms] [09-20-2017 10:06:00] [BeanNameUrlHandlerMapping (detectHandlers : 89)] -
					Rejected bean name 'org.springframework.boot.autoconfigure.web.servlet.DispatcherServletAutoConfiguration': no URL paths identified
[DEBUG] [9454 ms] [09-20-2017 10:06:00] [BeanNameUrlHandlerMapping (detectHandlers : 89)] -
					Rejected bean name 'org.springframework.boot.autoconfigure.http.codec.CodecsAutoConfiguration$JacksonCodecConfiguration': no URL paths identified
[DEBUG] [9454 ms] [09-20-2017 10:06:00] [BeanNameUrlHandlerMapping (detectHandlers : 89)] -
					Rejected bean name 'jacksonCodecCustomizer': no URL paths identified
[DEBUG] [9454 ms] [09-20-2017 10:06:00] [BeanNameUrlHandlerMapping (detectHandlers : 89)] -
					Rejected bean name 'org.springframework.boot.autoconfigure.http.codec.CodecsAutoConfiguration': no URL paths identified
[DEBUG] [9454 ms] [09-20-2017 10:06:00] [BeanNameUrlHandlerMapping (detectHandlers : 89)] -
					Rejected bean name 'org.springframework.boot.autoconfigure.validation.ValidationAutoConfiguration': no URL paths identified
[DEBUG] [9454 ms] [09-20-2017 10:06:00] [BeanNameUrlHandlerMapping (detectHandlers : 89)] -
					Rejected bean name 'defaultValidator': no URL paths identified
[DEBUG] [9454 ms] [09-20-2017 10:06:00] [BeanNameUrlHandlerMapping (detectHandlers : 89)] -
					Rejected bean name 'methodValidationPostProcessor': no URL paths identified
[DEBUG] [9454 ms] [09-20-2017 10:06:00] [BeanNameUrlHandlerMapping (detectHandlers : 89)] -
					Rejected bean name 'org.springframework.boot.autoconfigure.web.servlet.error.ErrorMvcAutoConfiguration$DefaultErrorViewResolverConfiguration': no URL paths identified
[DEBUG] [9454 ms] [09-20-2017 10:06:00] [BeanNameUrlHandlerMapping (detectHandlers : 89)] -
					Rejected bean name 'conventionErrorViewResolver': no URL paths identified
[DEBUG] [9454 ms] [09-20-2017 10:06:00] [BeanNameUrlHandlerMapping (detectHandlers : 89)] -
					Rejected bean name 'org.springframework.boot.autoconfigure.web.servlet.error.ErrorMvcAutoConfiguration': no URL paths identified
[DEBUG] [9455 ms] [09-20-2017 10:06:00] [BeanNameUrlHandlerMapping (detectHandlers : 89)] -
					Rejected bean name 'errorAttributes': no URL paths identified
[DEBUG] [9455 ms] [09-20-2017 10:06:00] [BeanNameUrlHandlerMapping (detectHandlers : 89)] -
					Rejected bean name 'basicErrorController': no URL paths identified
[DEBUG] [9455 ms] [09-20-2017 10:06:00] [BeanNameUrlHandlerMapping (detectHandlers : 89)] -
					Rejected bean name 'errorPageCustomizer': no URL paths identified
[DEBUG] [9455 ms] [09-20-2017 10:06:00] [BeanNameUrlHandlerMapping (detectHandlers : 89)] -
					Rejected bean name 'preserveErrorControllerTargetClassPostProcessor': no URL paths identified
[DEBUG] [9455 ms] [09-20-2017 10:06:00] [BeanNameUrlHandlerMapping (detectHandlers : 89)] -
					Rejected bean name 'spring.resources-org.springframework.boot.autoconfigure.web.ResourceProperties': no URL paths identified
[DEBUG] [9455 ms] [09-20-2017 10:06:00] [BeanNameUrlHandlerMapping (detectHandlers : 89)] -
					Rejected bean name 'org.springframework.boot.actuate.autoconfigure.AuditAutoConfiguration$AuditEventRepositoryConfiguration': no URL paths identified
[DEBUG] [9455 ms] [09-20-2017 10:06:00] [BeanNameUrlHandlerMapping (detectHandlers : 89)] -
					Rejected bean name 'auditEventRepository': no URL paths identified
[DEBUG] [9455 ms] [09-20-2017 10:06:00] [BeanNameUrlHandlerMapping (detectHandlers : 89)] -
					Rejected bean name 'org.springframework.boot.actuate.autoconfigure.AuditAutoConfiguration': no URL paths identified
[DEBUG] [9455 ms] [09-20-2017 10:06:00] [BeanNameUrlHandlerMapping (detectHandlers : 89)] -
					Rejected bean name 'auditListener': no URL paths identified
[DEBUG] [9455 ms] [09-20-2017 10:06:00] [BeanNameUrlHandlerMapping (detectHandlers : 89)] -
					Rejected bean name 'authenticationAuditListener': no URL paths identified
[DEBUG] [9456 ms] [09-20-2017 10:06:00] [BeanNameUrlHandlerMapping (detectHandlers : 89)] -
					Rejected bean name 'authorizationAuditListener': no URL paths identified
[DEBUG] [9456 ms] [09-20-2017 10:06:00] [BeanNameUrlHandlerMapping (detectHandlers : 89)] -
					Rejected bean name 'org.springframework.boot.autoconfigure.transaction.jta.JtaAutoConfiguration': no URL paths identified
[DEBUG] [9456 ms] [09-20-2017 10:06:00] [BeanNameUrlHandlerMapping (detectHandlers : 89)] -
					Rejected bean name 'spring.jta-org.springframework.boot.autoconfigure.transaction.jta.JtaProperties': no URL paths identified
[DEBUG] [9456 ms] [09-20-2017 10:06:00] [BeanNameUrlHandlerMapping (detectHandlers : 89)] -
					Rejected bean name 'org.springframework.boot.autoconfigure.jdbc.DataSourceConfiguration$Hikari': no URL paths identified
[DEBUG] [9456 ms] [09-20-2017 10:06:00] [BeanNameUrlHandlerMapping (detectHandlers : 89)] -
					Rejected bean name 'dataSource': no URL paths identified
[DEBUG] [9456 ms] [09-20-2017 10:06:00] [BeanNameUrlHandlerMapping (detectHandlers : 89)] -
					Rejected bean name 'org.springframework.boot.autoconfigure.jdbc.DataSourceJmxConfiguration$Hikari': no URL paths identified
[DEBUG] [9456 ms] [09-20-2017 10:06:00] [BeanNameUrlHandlerMapping (detectHandlers : 89)] -
					Rejected bean name 'org.springframework.boot.autoconfigure.jdbc.DataSourceJmxConfiguration': no URL paths identified
[DEBUG] [9456 ms] [09-20-2017 10:06:00] [BeanNameUrlHandlerMapping (detectHandlers : 89)] -
					Rejected bean name 'org.springframework.boot.autoconfigure.jdbc.DataSourceAutoConfiguration$PooledDataSourceConfiguration': no URL paths identified
[DEBUG] [9456 ms] [09-20-2017 10:06:00] [BeanNameUrlHandlerMapping (detectHandlers : 89)] -
					Rejected bean name 'org.springframework.boot.autoconfigure.jdbc.metadata.DataSourcePoolMetadataProvidersConfiguration$HikariPoolDataSourceMetadataProviderConfiguration': no URL paths identified
[DEBUG] [9456 ms] [09-20-2017 10:06:00] [BeanNameUrlHandlerMapping (detectHandlers : 89)] -
					Rejected bean name 'hikariPoolDataSourceMetadataProvider': no URL paths identified
[DEBUG] [9456 ms] [09-20-2017 10:06:00] [BeanNameUrlHandlerMapping (detectHandlers : 89)] -
					Rejected bean name 'org.springframework.boot.autoconfigure.jdbc.metadata.DataSourcePoolMetadataProvidersConfiguration': no URL paths identified
[DEBUG] [9457 ms] [09-20-2017 10:06:00] [BeanNameUrlHandlerMapping (detectHandlers : 89)] -
					Rejected bean name 'org.springframework.boot.autoconfigure.jdbc.DataSourceAutoConfiguration': no URL paths identified
[DEBUG] [9457 ms] [09-20-2017 10:06:00] [BeanNameUrlHandlerMapping (detectHandlers : 89)] -
					Rejected bean name 'dataSourceInitializer': no URL paths identified
[DEBUG] [9457 ms] [09-20-2017 10:06:00] [BeanNameUrlHandlerMapping (detectHandlers : 89)] -
					Rejected bean name 'spring.datasource-org.springframework.boot.autoconfigure.jdbc.DataSourceProperties': no URL paths identified
[DEBUG] [9457 ms] [09-20-2017 10:06:00] [BeanNameUrlHandlerMapping (detectHandlers : 89)] -
					Rejected bean name 'dataSourceInitializerPostProcessor': no URL paths identified
[DEBUG] [9457 ms] [09-20-2017 10:06:00] [BeanNameUrlHandlerMapping (detectHandlers : 89)] -
					Rejected bean name 'org.springframework.boot.autoconfigure.orm.jpa.JpaBaseConfiguration$JpaWebConfiguration$JpaWebMvcConfiguration': no URL paths identified
[DEBUG] [9457 ms] [09-20-2017 10:06:00] [BeanNameUrlHandlerMapping (detectHandlers : 89)] -
					Rejected bean name 'openEntityManagerInViewInterceptor': no URL paths identified
[DEBUG] [9457 ms] [09-20-2017 10:06:00] [BeanNameUrlHandlerMapping (detectHandlers : 89)] -
					Rejected bean name 'org.springframework.boot.autoconfigure.orm.jpa.JpaBaseConfiguration$JpaWebConfiguration': no URL paths identified
[DEBUG] [9457 ms] [09-20-2017 10:06:00] [BeanNameUrlHandlerMapping (detectHandlers : 89)] -
					Rejected bean name 'org.springframework.boot.autoconfigure.orm.jpa.HibernateJpaAutoConfiguration': no URL paths identified
[DEBUG] [9457 ms] [09-20-2017 10:06:00] [BeanNameUrlHandlerMapping (detectHandlers : 89)] -
					Rejected bean name 'transactionManager': no URL paths identified
[DEBUG] [9457 ms] [09-20-2017 10:06:00] [BeanNameUrlHandlerMapping (detectHandlers : 89)] -
					Rejected bean name 'jpaVendorAdapter': no URL paths identified
[DEBUG] [9457 ms] [09-20-2017 10:06:00] [BeanNameUrlHandlerMapping (detectHandlers : 89)] -
					Rejected bean name 'entityManagerFactoryBuilder': no URL paths identified
[DEBUG] [9458 ms] [09-20-2017 10:06:00] [BeanNameUrlHandlerMapping (detectHandlers : 89)] -
					Rejected bean name 'entityManagerFactory': no URL paths identified
[DEBUG] [9458 ms] [09-20-2017 10:06:00] [BeanNameUrlHandlerMapping (detectHandlers : 89)] -
					Rejected bean name 'spring.jpa-org.springframework.boot.autoconfigure.orm.jpa.JpaProperties': no URL paths identified
[DEBUG] [9458 ms] [09-20-2017 10:06:00] [BeanNameUrlHandlerMapping (detectHandlers : 89)] -
					Rejected bean name 'dataSourceInitializedPublisher': no URL paths identified
[DEBUG] [9458 ms] [09-20-2017 10:06:00] [BeanNameUrlHandlerMapping (detectHandlers : 89)] -
					Rejected bean name 'org.springframework.boot.autoconfigure.info.ProjectInfoAutoConfiguration': no URL paths identified
[DEBUG] [9458 ms] [09-20-2017 10:06:00] [BeanNameUrlHandlerMapping (detectHandlers : 89)] -
					Rejected bean name 'spring.info-org.springframework.boot.autoconfigure.info.ProjectInfoProperties': no URL paths identified
[DEBUG] [9458 ms] [09-20-2017 10:06:00] [BeanNameUrlHandlerMapping (detectHandlers : 89)] -
					Rejected bean name 'org.springframework.boot.actuate.autoconfigure.InfoContributorAutoConfiguration': no URL paths identified
[DEBUG] [9458 ms] [09-20-2017 10:06:00] [BeanNameUrlHandlerMapping (detectHandlers : 89)] -
					Rejected bean name 'envInfoContributor': no URL paths identified
[DEBUG] [9458 ms] [09-20-2017 10:06:00] [BeanNameUrlHandlerMapping (detectHandlers : 89)] -
					Rejected bean name 'management.info-org.springframework.boot.actuate.autoconfigure.InfoContributorProperties': no URL paths identified
[DEBUG] [9458 ms] [09-20-2017 10:06:00] [BeanNameUrlHandlerMapping (detectHandlers : 89)] -
					Rejected bean name 'org.springframework.boot.actuate.autoconfigure.HealthIndicatorAutoConfiguration$DiskSpaceHealthIndicatorConfiguration': no URL paths identified
[DEBUG] [9458 ms] [09-20-2017 10:06:00] [BeanNameUrlHandlerMapping (detectHandlers : 89)] -
					Rejected bean name 'diskSpaceHealthIndicator': no URL paths identified
[DEBUG] [9458 ms] [09-20-2017 10:06:00] [BeanNameUrlHandlerMapping (detectHandlers : 89)] -
					Rejected bean name 'diskSpaceHealthIndicatorProperties': no URL paths identified
[DEBUG] [9459 ms] [09-20-2017 10:06:00] [BeanNameUrlHandlerMapping (detectHandlers : 89)] -
					Rejected bean name 'org.springframework.boot.actuate.autoconfigure.HealthIndicatorAutoConfiguration$DataSourcesHealthIndicatorConfiguration': no URL paths identified
[DEBUG] [9459 ms] [09-20-2017 10:06:00] [BeanNameUrlHandlerMapping (detectHandlers : 89)] -
					Rejected bean name 'dbHealthIndicator': no URL paths identified
[DEBUG] [9459 ms] [09-20-2017 10:06:00] [BeanNameUrlHandlerMapping (detectHandlers : 89)] -
					Rejected bean name 'org.springframework.boot.actuate.autoconfigure.HealthIndicatorAutoConfiguration': no URL paths identified
[DEBUG] [9459 ms] [09-20-2017 10:06:00] [BeanNameUrlHandlerMapping (detectHandlers : 89)] -
					Rejected bean name 'healthAggregator': no URL paths identified
[DEBUG] [9459 ms] [09-20-2017 10:06:00] [BeanNameUrlHandlerMapping (detectHandlers : 89)] -
					Rejected bean name 'management.health.status-org.springframework.boot.actuate.autoconfigure.HealthIndicatorProperties': no URL paths identified
[DEBUG] [9459 ms] [09-20-2017 10:06:00] [BeanNameUrlHandlerMapping (detectHandlers : 89)] -
					Rejected bean name 'org.springframework.boot.actuate.autoconfigure.MetricRepositoryAutoConfiguration$FastMetricServicesConfiguration': no URL paths identified
[DEBUG] [9459 ms] [09-20-2017 10:06:00] [BeanNameUrlHandlerMapping (detectHandlers : 89)] -
					Rejected bean name 'counterBuffers': no URL paths identified
[DEBUG] [9460 ms] [09-20-2017 10:06:00] [BeanNameUrlHandlerMapping (detectHandlers : 89)] -
					Rejected bean name 'gaugeBuffers': no URL paths identified
[DEBUG] [9460 ms] [09-20-2017 10:06:00] [BeanNameUrlHandlerMapping (detectHandlers : 89)] -
					Rejected bean name 'actuatorMetricReader': no URL paths identified
[DEBUG] [9460 ms] [09-20-2017 10:06:00] [BeanNameUrlHandlerMapping (detectHandlers : 89)] -
					Rejected bean name 'counterService': no URL paths identified
[DEBUG] [9460 ms] [09-20-2017 10:06:00] [BeanNameUrlHandlerMapping (detectHandlers : 89)] -
					Rejected bean name 'gaugeService': no URL paths identified
[DEBUG] [9460 ms] [09-20-2017 10:06:00] [BeanNameUrlHandlerMapping (detectHandlers : 89)] -
					Rejected bean name 'org.springframework.boot.actuate.autoconfigure.MetricRepositoryAutoConfiguration': no URL paths identified
[DEBUG] [9460 ms] [09-20-2017 10:06:00] [BeanNameUrlHandlerMapping (detectHandlers : 89)] -
					Rejected bean name 'org.springframework.boot.autoconfigure.jmx.JmxAutoConfiguration': no URL paths identified
[DEBUG] [9460 ms] [09-20-2017 10:06:00] [BeanNameUrlHandlerMapping (detectHandlers : 89)] -
					Rejected bean name 'mbeanExporter': no URL paths identified
[DEBUG] [9460 ms] [09-20-2017 10:06:00] [BeanNameUrlHandlerMapping (detectHandlers : 89)] -
					Rejected bean name 'objectNamingStrategy': no URL paths identified
[DEBUG] [9460 ms] [09-20-2017 10:06:00] [BeanNameUrlHandlerMapping (detectHandlers : 89)] -
					Rejected bean name 'mbeanServer': no URL paths identified
[DEBUG] [9460 ms] [09-20-2017 10:06:00] [BeanNameUrlHandlerMapping (detectHandlers : 89)] -
					Rejected bean name 'org.springframework.boot.actuate.autoconfigure.PublicMetricsAutoConfiguration$TomcatMetricsConfiguration': no URL paths identified
[DEBUG] [9461 ms] [09-20-2017 10:06:00] [BeanNameUrlHandlerMapping (detectHandlers : 89)] -
					Rejected bean name 'tomcatPublicMetrics': no URL paths identified
[DEBUG] [9461 ms] [09-20-2017 10:06:00] [BeanNameUrlHandlerMapping (detectHandlers : 89)] -
					Rejected bean name 'org.springframework.boot.actuate.autoconfigure.PublicMetricsAutoConfiguration$DataSourceMetricsConfiguration': no URL paths identified
[DEBUG] [9461 ms] [09-20-2017 10:06:00] [BeanNameUrlHandlerMapping (detectHandlers : 89)] -
					Rejected bean name 'dataSourcePublicMetrics': no URL paths identified
[DEBUG] [9461 ms] [09-20-2017 10:06:00] [BeanNameUrlHandlerMapping (detectHandlers : 89)] -
					Rejected bean name 'org.springframework.boot.actuate.autoconfigure.PublicMetricsAutoConfiguration': no URL paths identified
[DEBUG] [9461 ms] [09-20-2017 10:06:00] [BeanNameUrlHandlerMapping (detectHandlers : 89)] -
					Rejected bean name 'systemPublicMetrics': no URL paths identified
[DEBUG] [9461 ms] [09-20-2017 10:06:00] [BeanNameUrlHandlerMapping (detectHandlers : 89)] -
					Rejected bean name 'metricReaderPublicMetrics': no URL paths identified
[DEBUG] [9461 ms] [09-20-2017 10:06:00] [BeanNameUrlHandlerMapping (detectHandlers : 89)] -
					Rejected bean name 'org.springframework.boot.actuate.autoconfigure.EndpointAutoConfiguration$RequestMappingEndpointConfiguration': no URL paths identified
[DEBUG] [9461 ms] [09-20-2017 10:06:00] [BeanNameUrlHandlerMapping (detectHandlers : 89)] -
					Rejected bean name 'requestMappingEndpoint': no URL paths identified
[DEBUG] [9461 ms] [09-20-2017 10:06:00] [BeanNameUrlHandlerMapping (detectHandlers : 89)] -
					Rejected bean name 'org.springframework.boot.actuate.autoconfigure.EndpointAutoConfiguration': no URL paths identified
[DEBUG] [9461 ms] [09-20-2017 10:06:00] [BeanNameUrlHandlerMapping (detectHandlers : 89)] -
					Rejected bean name 'environmentEndpoint': no URL paths identified
[DEBUG] [9461 ms] [09-20-2017 10:06:00] [BeanNameUrlHandlerMapping (detectHandlers : 89)] -
					Rejected bean name 'healthEndpoint': no URL paths identified
[DEBUG] [9462 ms] [09-20-2017 10:06:00] [BeanNameUrlHandlerMapping (detectHandlers : 89)] -
					Rejected bean name 'beansEndpoint': no URL paths identified
[DEBUG] [9462 ms] [09-20-2017 10:06:00] [BeanNameUrlHandlerMapping (detectHandlers : 89)] -
					Rejected bean name 'infoEndpoint': no URL paths identified
[DEBUG] [9462 ms] [09-20-2017 10:06:00] [BeanNameUrlHandlerMapping (detectHandlers : 89)] -
					Rejected bean name 'loggersEndpoint': no URL paths identified
[DEBUG] [9462 ms] [09-20-2017 10:06:00] [BeanNameUrlHandlerMapping (detectHandlers : 89)] -
					Rejected bean name 'metricsEndpoint': no URL paths identified
[DEBUG] [9462 ms] [09-20-2017 10:06:00] [BeanNameUrlHandlerMapping (detectHandlers : 89)] -
					Rejected bean name 'traceEndpoint': no URL paths identified
[DEBUG] [9462 ms] [09-20-2017 10:06:00] [BeanNameUrlHandlerMapping (detectHandlers : 89)] -
					Rejected bean name 'dumpEndpoint': no URL paths identified
[DEBUG] [9462 ms] [09-20-2017 10:06:00] [BeanNameUrlHandlerMapping (detectHandlers : 89)] -
					Rejected bean name 'autoConfigurationReportEndpoint': no URL paths identified
[DEBUG] [9462 ms] [09-20-2017 10:06:00] [BeanNameUrlHandlerMapping (detectHandlers : 89)] -
					Rejected bean name 'shutdownEndpoint': no URL paths identified
[DEBUG] [9462 ms] [09-20-2017 10:06:00] [BeanNameUrlHandlerMapping (detectHandlers : 89)] -
					Rejected bean name 'configurationPropertiesReportEndpoint': no URL paths identified
[DEBUG] [9462 ms] [09-20-2017 10:06:00] [BeanNameUrlHandlerMapping (detectHandlers : 89)] -
					Rejected bean name 'endpoints-org.springframework.boot.actuate.endpoint.EndpointProperties': no URL paths identified
[DEBUG] [9463 ms] [09-20-2017 10:06:00] [BeanNameUrlHandlerMapping (detectHandlers : 89)] -
					Rejected bean name 'org.springframework.boot.actuate.autoconfigure.EndpointMBeanExportAutoConfiguration': no URL paths identified
[DEBUG] [9463 ms] [09-20-2017 10:06:00] [BeanNameUrlHandlerMapping (detectHandlers : 89)] -
					Rejected bean name 'endpointMBeanExporter': no URL paths identified
[DEBUG] [9463 ms] [09-20-2017 10:06:00] [BeanNameUrlHandlerMapping (detectHandlers : 89)] -
					Rejected bean name 'auditEventsEndpoint': no URL paths identified
[DEBUG] [9463 ms] [09-20-2017 10:06:00] [BeanNameUrlHandlerMapping (detectHandlers : 89)] -
					Rejected bean name 'endpoints.jmx-org.springframework.boot.actuate.autoconfigure.EndpointMBeanExportProperties': no URL paths identified
[DEBUG] [9463 ms] [09-20-2017 10:06:00] [BeanNameUrlHandlerMapping (detectHandlers : 89)] -
					Rejected bean name 'org.springframework.boot.autoconfigure.http.HttpMessageConvertersAutoConfiguration$StringHttpMessageConverterConfiguration': no URL paths identified
[DEBUG] [9463 ms] [09-20-2017 10:06:00] [BeanNameUrlHandlerMapping (detectHandlers : 89)] -
					Rejected bean name 'stringHttpMessageConverter': no URL paths identified
[DEBUG] [9463 ms] [09-20-2017 10:06:00] [BeanNameUrlHandlerMapping (detectHandlers : 89)] -
					Rejected bean name 'spring.http.encoding-org.springframework.boot.autoconfigure.http.HttpEncodingProperties': no URL paths identified
[DEBUG] [9463 ms] [09-20-2017 10:06:00] [BeanNameUrlHandlerMapping (detectHandlers : 89)] -
					Rejected bean name 'org.springframework.boot.autoconfigure.http.JacksonHttpMessageConvertersConfiguration$MappingJackson2HttpMessageConverterConfiguration': no URL paths identified
[DEBUG] [9463 ms] [09-20-2017 10:06:00] [BeanNameUrlHandlerMapping (detectHandlers : 89)] -
					Rejected bean name 'mappingJackson2HttpMessageConverter': no URL paths identified
[DEBUG] [9463 ms] [09-20-2017 10:06:00] [BeanNameUrlHandlerMapping (detectHandlers : 89)] -
					Rejected bean name 'org.springframework.boot.autoconfigure.http.JacksonHttpMessageConvertersConfiguration': no URL paths identified
[DEBUG] [9463 ms] [09-20-2017 10:06:00] [BeanNameUrlHandlerMapping (detectHandlers : 89)] -
					Rejected bean name 'org.springframework.boot.autoconfigure.http.HttpMessageConvertersAutoConfiguration': no URL paths identified
[DEBUG] [9464 ms] [09-20-2017 10:06:00] [BeanNameUrlHandlerMapping (detectHandlers : 89)] -
					Rejected bean name 'messageConverters': no URL paths identified
[DEBUG] [9464 ms] [09-20-2017 10:06:00] [BeanNameUrlHandlerMapping (detectHandlers : 89)] -
					Rejected bean name 'org.springframework.hateoas.config.HateoasConfiguration': no URL paths identified
[DEBUG] [9464 ms] [09-20-2017 10:06:00] [BeanNameUrlHandlerMapping (detectHandlers : 89)] -
					Rejected bean name 'linkRelationMessageSource': no URL paths identified
[DEBUG] [9464 ms] [09-20-2017 10:06:00] [BeanNameUrlHandlerMapping (detectHandlers : 89)] -
					Rejected bean name 'org.springframework.data.web.config.SpringDataJacksonConfiguration': no URL paths identified
[DEBUG] [9464 ms] [09-20-2017 10:06:00] [BeanNameUrlHandlerMapping (detectHandlers : 89)] -
					Rejected bean name 'jacksonGeoModule': no URL paths identified
[DEBUG] [9464 ms] [09-20-2017 10:06:00] [BeanNameUrlHandlerMapping (detectHandlers : 89)] -
					Rejected bean name 'org.springframework.data.rest.webmvc.config.RepositoryRestMvcConfiguration': no URL paths identified
[DEBUG] [9464 ms] [09-20-2017 10:06:00] [BeanNameUrlHandlerMapping (detectHandlers : 89)] -
					Rejected bean name 'repositories': no URL paths identified
[DEBUG] [9464 ms] [09-20-2017 10:06:00] [BeanNameUrlHandlerMapping (detectHandlers : 89)] -
					Rejected bean name 'repositoryRelProvider': no URL paths identified
[DEBUG] [9464 ms] [09-20-2017 10:06:00] [BeanNameUrlHandlerMapping (detectHandlers : 89)] -
					Rejected bean name 'persistentEntities': no URL paths identified
[DEBUG] [9465 ms] [09-20-2017 10:06:00] [BeanNameUrlHandlerMapping (detectHandlers : 89)] -
					Rejected bean name 'defaultConversionService': no URL paths identified
[DEBUG] [9465 ms] [09-20-2017 10:06:00] [BeanNameUrlHandlerMapping (detectHandlers : 89)] -
					Rejected bean name 'validatingRepositoryEventListener': no URL paths identified
[DEBUG] [9465 ms] [09-20-2017 10:06:00] [BeanNameUrlHandlerMapping (detectHandlers : 89)] -
					Rejected bean name 'jpaHelper': no URL paths identified
[DEBUG] [9465 ms] [09-20-2017 10:06:00] [BeanNameUrlHandlerMapping (detectHandlers : 89)] -
					Rejected bean name 'repositoryRestConfiguration': no URL paths identified
[DEBUG] [9465 ms] [09-20-2017 10:06:00] [BeanNameUrlHandlerMapping (detectHandlers : 89)] -
					Rejected bean name 'projectionDefinitionRegistrar': no URL paths identified
[DEBUG] [9465 ms] [09-20-2017 10:06:00] [BeanNameUrlHandlerMapping (detectHandlers : 89)] -
					Rejected bean name 'metadataConfiguration': no URL paths identified
[DEBUG] [9465 ms] [09-20-2017 10:06:00] [BeanNameUrlHandlerMapping (detectHandlers : 89)] -
					Rejected bean name 'baseUri': no URL paths identified
[DEBUG] [9465 ms] [09-20-2017 10:06:00] [BeanNameUrlHandlerMapping (detectHandlers : 89)] -
					Rejected bean name 'annotatedEventHandlerInvoker': no URL paths identified
[DEBUG] [9465 ms] [09-20-2017 10:06:00] [BeanNameUrlHandlerMapping (detectHandlers : 89)] -
					Rejected bean name 'domainObjectMerger': no URL paths identified
[DEBUG] [9465 ms] [09-20-2017 10:06:00] [BeanNameUrlHandlerMapping (detectHandlers : 89)] -
					Rejected bean name 'serverHttpRequestMethodArgumentResolver': no URL paths identified
[DEBUG] [9465 ms] [09-20-2017 10:06:00] [BeanNameUrlHandlerMapping (detectHandlers : 89)] -
					Rejected bean name 'repoRequestArgumentResolver': no URL paths identified
[DEBUG] [9465 ms] [09-20-2017 10:06:00] [BeanNameUrlHandlerMapping (detectHandlers : 89)] -
					Rejected bean name 'resourceMetadataHandlerMethodArgumentResolver': no URL paths identified
[DEBUG] [9466 ms] [09-20-2017 10:06:00] [BeanNameUrlHandlerMapping (detectHandlers : 89)] -
					Rejected bean name 'backendIdHandlerMethodArgumentResolver': no URL paths identified
[DEBUG] [9466 ms] [09-20-2017 10:06:00] [BeanNameUrlHandlerMapping (detectHandlers : 89)] -
					Rejected bean name 'eTagArgumentResolver': no URL paths identified
[DEBUG] [9466 ms] [09-20-2017 10:06:00] [BeanNameUrlHandlerMapping (detectHandlers : 89)] -
					Rejected bean name 'entityLinks': no URL paths identified
[DEBUG] [9466 ms] [09-20-2017 10:06:00] [BeanNameUrlHandlerMapping (detectHandlers : 89)] -
					Rejected bean name 'persistentEntityArgumentResolver': no URL paths identified
[DEBUG] [9466 ms] [09-20-2017 10:06:00] [BeanNameUrlHandlerMapping (detectHandlers : 89)] -
					Rejected bean name 'jsonSchemaConverter': no URL paths identified
[DEBUG] [9466 ms] [09-20-2017 10:06:00] [BeanNameUrlHandlerMapping (detectHandlers : 89)] -
					Rejected bean name 'resourceDescriptionMessageSourceAccessor': no URL paths identified
[DEBUG] [9466 ms] [09-20-2017 10:06:00] [BeanNameUrlHandlerMapping (detectHandlers : 89)] -
					Rejected bean name 'objectMapper': no URL paths identified
[DEBUG] [9466 ms] [09-20-2017 10:06:00] [BeanNameUrlHandlerMapping (detectHandlers : 89)] -
					Rejected bean name 'jacksonHttpMessageConverter': no URL paths identified
[DEBUG] [9466 ms] [09-20-2017 10:06:00] [BeanNameUrlHandlerMapping (detectHandlers : 89)] -
					Rejected bean name 'halJacksonHttpMessageConverter': no URL paths identified
[DEBUG] [9466 ms] [09-20-2017 10:06:00] [BeanNameUrlHandlerMapping (detectHandlers : 89)] -
					Rejected bean name 'halObjectMapper': no URL paths identified
[DEBUG] [9466 ms] [09-20-2017 10:06:00] [BeanNameUrlHandlerMapping (detectHandlers : 89)] -
					Rejected bean name 'uriListHttpMessageConverter': no URL paths identified
[DEBUG] [9467 ms] [09-20-2017 10:06:00] [BeanNameUrlHandlerMapping (detectHandlers : 89)] -
					Rejected bean name 'resourceProcessorInvoker': no URL paths identified
[DEBUG] [9467 ms] [09-20-2017 10:06:00] [BeanNameUrlHandlerMapping (detectHandlers : 89)] -
					Rejected bean name 'repositoryExporterHandlerAdapter': no URL paths identified
[DEBUG] [9467 ms] [09-20-2017 10:06:00] [BeanNameUrlHandlerMapping (detectHandlers : 89)] -
					Rejected bean name 'restHandlerMapping': no URL paths identified
[DEBUG] [9467 ms] [09-20-2017 10:06:00] [BeanNameUrlHandlerMapping (detectHandlers : 89)] -
					Rejected bean name 'resourceMappings': no URL paths identified
[DEBUG] [9467 ms] [09-20-2017 10:06:00] [BeanNameUrlHandlerMapping (detectHandlers : 89)] -
					Rejected bean name 'linkCollector': no URL paths identified
[DEBUG] [9467 ms] [09-20-2017 10:06:00] [BeanNameUrlHandlerMapping (detectHandlers : 89)] -
					Rejected bean name 'excerptProjector': no URL paths identified
[DEBUG] [9467 ms] [09-20-2017 10:06:00] [BeanNameUrlHandlerMapping (detectHandlers : 89)] -
					Rejected bean name 'repositoryRestExceptionHandler': no URL paths identified
[DEBUG] [9467 ms] [09-20-2017 10:06:00] [BeanNameUrlHandlerMapping (detectHandlers : 89)] -
					Rejected bean name 'repositoryInvokerFactory': no URL paths identified
[DEBUG] [9467 ms] [09-20-2017 10:06:00] [BeanNameUrlHandlerMapping (detectHandlers : 89)] -
					Rejected bean name 'defaultMessageConverters': no URL paths identified
[DEBUG] [9467 ms] [09-20-2017 10:06:00] [BeanNameUrlHandlerMapping (detectHandlers : 89)] -
					Rejected bean name 'alpsJsonHttpMessageConverter': no URL paths identified
[DEBUG] [9467 ms] [09-20-2017 10:06:00] [BeanNameUrlHandlerMapping (detectHandlers : 89)] -
					Rejected bean name 'pageableResolver': no URL paths identified
[DEBUG] [9467 ms] [09-20-2017 10:06:00] [BeanNameUrlHandlerMapping (detectHandlers : 89)] -
					Rejected bean name 'sortResolver': no URL paths identified
[DEBUG] [9468 ms] [09-20-2017 10:06:00] [BeanNameUrlHandlerMapping (detectHandlers : 89)] -
					Rejected bean name 'backendIdConverterRegistry': no URL paths identified
[DEBUG] [9468 ms] [09-20-2017 10:06:00] [BeanNameUrlHandlerMapping (detectHandlers : 89)] -
					Rejected bean name 'auditableBeanWrapperFactory': no URL paths identified
[DEBUG] [9468 ms] [09-20-2017 10:06:00] [BeanNameUrlHandlerMapping (detectHandlers : 89)] -
					Rejected bean name 'httpHeadersPreparer': no URL paths identified
[DEBUG] [9468 ms] [09-20-2017 10:06:00] [BeanNameUrlHandlerMapping (detectHandlers : 89)] -
					Rejected bean name 'selfLinkProvider': no URL paths identified
[DEBUG] [9468 ms] [09-20-2017 10:06:00] [BeanNameUrlHandlerMapping (detectHandlers : 89)] -
					Rejected bean name 'associationLinks': no URL paths identified
[DEBUG] [9468 ms] [09-20-2017 10:06:00] [BeanNameUrlHandlerMapping (detectHandlers : 89)] -
					Rejected bean name 'enumTranslator': no URL paths identified
[DEBUG] [9468 ms] [09-20-2017 10:06:00] [BeanNameUrlHandlerMapping (detectHandlers : 89)] -
					Rejected bean name 'alpsConverter': no URL paths identified
[DEBUG] [9468 ms] [09-20-2017 10:06:00] [BeanNameUrlHandlerMapping (detectHandlers : 89)] -
					Rejected bean name 'profileResourceProcessor': no URL paths identified
[DEBUG] [9468 ms] [09-20-2017 10:06:00] [BeanNameUrlHandlerMapping (detectHandlers : 89)] -
					Rejected bean name 'pagedResourcesAssembler': no URL paths identified
[DEBUG] [9468 ms] [09-20-2017 10:06:00] [BeanNameUrlHandlerMapping (detectHandlers : 89)] -
					Rejected bean name 'pagedResourcesAssemblerArgumentResolver': no URL paths identified
[DEBUG] [9468 ms] [09-20-2017 10:06:00] [BeanNameUrlHandlerMapping (detectHandlers : 89)] -
					Rejected bean name 'entityLinksPluginRegistry': no URL paths identified
[DEBUG] [9468 ms] [09-20-2017 10:06:00] [BeanNameUrlHandlerMapping (detectHandlers : 89)] -
					Rejected bean name 'controllerEntityLinks': no URL paths identified
[DEBUG] [9468 ms] [09-20-2017 10:06:00] [BeanNameUrlHandlerMapping (detectHandlers : 89)] -
					Rejected bean name 'jaxRsEntityLinks': no URL paths identified
[DEBUG] [9469 ms] [09-20-2017 10:06:00] [BeanNameUrlHandlerMapping (detectHandlers : 89)] -
					Rejected bean name 'delegatingEntityLinks': no URL paths identified
[DEBUG] [9469 ms] [09-20-2017 10:06:00] [BeanNameUrlHandlerMapping (detectHandlers : 89)] -
					Rejected bean name '_halObjectMapper': no URL paths identified
[DEBUG] [9469 ms] [09-20-2017 10:06:00] [BeanNameUrlHandlerMapping (detectHandlers : 89)] -
					Rejected bean name 'org.springframework.hateoas.config.HypermediaSupportBeanDefinitionRegistrar$DefaultObjectMapperCustomizer#0': no URL paths identified
[DEBUG] [9469 ms] [09-20-2017 10:06:00] [BeanNameUrlHandlerMapping (detectHandlers : 89)] -
					Rejected bean name 'org.springframework.hateoas.config.HypermediaSupportBeanDefinitionRegistrar$Jackson2ModuleRegisteringBeanPostProcessor#0': no URL paths identified
[DEBUG] [9469 ms] [09-20-2017 10:06:00] [BeanNameUrlHandlerMapping (detectHandlers : 89)] -
					Rejected bean name '_linkDiscovererRegistry': no URL paths identified
[DEBUG] [9469 ms] [09-20-2017 10:06:00] [BeanNameUrlHandlerMapping (detectHandlers : 89)] -
					Rejected bean name 'org.springframework.hateoas.LinkDiscoverers#0': no URL paths identified
[DEBUG] [9469 ms] [09-20-2017 10:06:00] [BeanNameUrlHandlerMapping (detectHandlers : 89)] -
					Rejected bean name 'defaultRelProvider': no URL paths identified
[DEBUG] [9469 ms] [09-20-2017 10:06:00] [BeanNameUrlHandlerMapping (detectHandlers : 89)] -
					Rejected bean name 'annotationRelProvider': no URL paths identified
[DEBUG] [9469 ms] [09-20-2017 10:06:00] [BeanNameUrlHandlerMapping (detectHandlers : 89)] -
					Rejected bean name 'relProviderPluginRegistry': no URL paths identified
[DEBUG] [9469 ms] [09-20-2017 10:06:00] [BeanNameUrlHandlerMapping (detectHandlers : 89)] -
					Rejected bean name '_relProvider': no URL paths identified
[DEBUG] [9469 ms] [09-20-2017 10:06:00] [BeanNameUrlHandlerMapping (detectHandlers : 89)] -
					Rejected bean name 'org.springframework.boot.autoconfigure.data.rest.RepositoryRestMvcAutoConfiguration': no URL paths identified
[DEBUG] [9469 ms] [09-20-2017 10:06:00] [BeanNameUrlHandlerMapping (detectHandlers : 89)] -
					Rejected bean name 'springBootRepositoryRestConfigurer': no URL paths identified
[DEBUG] [9469 ms] [09-20-2017 10:06:00] [BeanNameUrlHandlerMapping (detectHandlers : 89)] -
					Rejected bean name 'spring.data.rest-org.springframework.boot.autoconfigure.data.rest.RepositoryRestProperties': no URL paths identified
[DEBUG] [9470 ms] [09-20-2017 10:06:00] [BeanNameUrlHandlerMapping (detectHandlers : 89)] -
					Rejected bean name 'org.springframework.boot.autoconfigure.hateoas.HypermediaHttpMessageConverterConfiguration': no URL paths identified
[DEBUG] [9470 ms] [09-20-2017 10:06:00] [BeanNameUrlHandlerMapping (detectHandlers : 89)] -
					Rejected bean name 'halMessageConverterSupportedMediaTypeCustomizer': no URL paths identified
[DEBUG] [9470 ms] [09-20-2017 10:06:00] [BeanNameUrlHandlerMapping (detectHandlers : 89)] -
					Rejected bean name 'org.springframework.boot.autoconfigure.hateoas.HypermediaAutoConfiguration': no URL paths identified
[DEBUG] [9470 ms] [09-20-2017 10:06:00] [BeanNameUrlHandlerMapping (detectHandlers : 89)] -
					Rejected bean name 'spring.hateoas-org.springframework.boot.autoconfigure.hateoas.HateoasProperties': no URL paths identified
[DEBUG] [9470 ms] [09-20-2017 10:06:00] [BeanNameUrlHandlerMapping (detectHandlers : 89)] -
					Rejected bean name 'org.springframework.boot.actuate.autoconfigure.EndpointWebMvcManagementContextConfiguration': no URL paths identified
[DEBUG] [9471 ms] [09-20-2017 10:06:00] [BeanNameUrlHandlerMapping (detectHandlers : 89)] -
					Rejected bean name 'endpointHandlerMapping': no URL paths identified
[DEBUG] [9471 ms] [09-20-2017 10:06:00] [BeanNameUrlHandlerMapping (detectHandlers : 89)] -
					Rejected bean name 'mvcEndpoints': no URL paths identified
[DEBUG] [9471 ms] [09-20-2017 10:06:00] [BeanNameUrlHandlerMapping (detectHandlers : 89)] -
					Rejected bean name 'environmentMvcEndpoint': no URL paths identified
[DEBUG] [9471 ms] [09-20-2017 10:06:00] [BeanNameUrlHandlerMapping (detectHandlers : 89)] -
					Rejected bean name 'heapdumpMvcEndpoint': no URL paths identified
[DEBUG] [9471 ms] [09-20-2017 10:06:00] [BeanNameUrlHandlerMapping (detectHandlers : 89)] -
					Rejected bean name 'healthMvcEndpoint': no URL paths identified
[DEBUG] [9471 ms] [09-20-2017 10:06:00] [BeanNameUrlHandlerMapping (detectHandlers : 89)] -
					Rejected bean name 'loggersMvcEndpoint': no URL paths identified
[DEBUG] [9471 ms] [09-20-2017 10:06:00] [BeanNameUrlHandlerMapping (detectHandlers : 89)] -
					Rejected bean name 'metricsMvcEndpoint': no URL paths identified
[DEBUG] [9471 ms] [09-20-2017 10:06:00] [BeanNameUrlHandlerMapping (detectHandlers : 89)] -
					Rejected bean name 'auditEventMvcEndpoint': no URL paths identified
[DEBUG] [9471 ms] [09-20-2017 10:06:00] [BeanNameUrlHandlerMapping (detectHandlers : 89)] -
					Rejected bean name 'endpoints.health-org.springframework.boot.actuate.autoconfigure.HealthMvcEndpointProperties': no URL paths identified
[DEBUG] [9471 ms] [09-20-2017 10:06:00] [BeanNameUrlHandlerMapping (detectHandlers : 89)] -
					Rejected bean name 'endpoints.cors-org.springframework.boot.actuate.autoconfigure.EndpointCorsProperties': no URL paths identified
[DEBUG] [9471 ms] [09-20-2017 10:06:00] [BeanNameUrlHandlerMapping (detectHandlers : 89)] -
					Rejected bean name 'org.springframework.boot.actuate.autoconfigure.EndpointWebMvcHypermediaManagementContextConfiguration$ActuatorEndpointLinksAdvice': no URL paths identified
[DEBUG] [9471 ms] [09-20-2017 10:06:00] [BeanNameUrlHandlerMapping (detectHandlers : 89)] -
					Rejected bean name 'org.springframework.boot.actuate.autoconfigure.EndpointWebMvcHypermediaManagementContextConfiguration$DocsMvcEndpointConfiguration': no URL paths identified
[DEBUG] [9472 ms] [09-20-2017 10:06:00] [BeanNameUrlHandlerMapping (detectHandlers : 89)] -
					Rejected bean name 'org.springframework.boot.actuate.autoconfigure.EndpointWebMvcHypermediaManagementContextConfiguration': no URL paths identified
[DEBUG] [9472 ms] [09-20-2017 10:06:00] [BeanNameUrlHandlerMapping (detectHandlers : 89)] -
					Rejected bean name 'managementServletContext': no URL paths identified
[DEBUG] [9472 ms] [09-20-2017 10:06:00] [BeanNameUrlHandlerMapping (detectHandlers : 89)] -
					Rejected bean name 'halJsonMvcEndpoint': no URL paths identified
[DEBUG] [9472 ms] [09-20-2017 10:06:00] [BeanNameUrlHandlerMapping (detectHandlers : 89)] -
					Rejected bean name 'management-org.springframework.boot.actuate.autoconfigure.ManagementServerProperties': no URL paths identified
[DEBUG] [9472 ms] [09-20-2017 10:06:00] [BeanNameUrlHandlerMapping (detectHandlers : 89)] -
					Rejected bean name 'org.springframework.boot.actuate.autoconfigure.EndpointWebMvcAutoConfiguration$EndpointWebMvcConfiguration': no URL paths identified
[DEBUG] [9472 ms] [09-20-2017 10:06:00] [BeanNameUrlHandlerMapping (detectHandlers : 89)] -
					Rejected bean name 'org.springframework.boot.actuate.autoconfigure.EndpointWebMvcAutoConfiguration': no URL paths identified
[DEBUG] [9472 ms] [09-20-2017 10:06:00] [BeanNameUrlHandlerMapping (detectHandlers : 89)] -
					Rejected bean name 'managementContextResolver': no URL paths identified
[DEBUG] [9472 ms] [09-20-2017 10:06:00] [BeanNameUrlHandlerMapping (detectHandlers : 89)] -
					Rejected bean name 'org.springframework.boot.autoconfigure.security.SpringBootWebSecurityConfiguration$ApplicationWebSecurityConfigurerAdapter': no URL paths identified
[DEBUG] [9472 ms] [09-20-2017 10:06:00] [BeanNameUrlHandlerMapping (detectHandlers : 89)] -
					Rejected bean name 'org.springframework.security.config.annotation.configuration.ObjectPostProcessorConfiguration': no URL paths identified
[DEBUG] [9472 ms] [09-20-2017 10:06:00] [BeanNameUrlHandlerMapping (detectHandlers : 89)] -
					Rejected bean name 'objectPostProcessor': no URL paths identified
[DEBUG] [9473 ms] [09-20-2017 10:06:00] [BeanNameUrlHandlerMapping (detectHandlers : 89)] -
					Rejected bean name 'org.springframework.security.config.annotation.authentication.configuration.AuthenticationConfiguration': no URL paths identified
[DEBUG] [9473 ms] [09-20-2017 10:06:00] [BeanNameUrlHandlerMapping (detectHandlers : 89)] -
					Rejected bean name 'authenticationManagerBuilder': no URL paths identified
[DEBUG] [9473 ms] [09-20-2017 10:06:00] [BeanNameUrlHandlerMapping (detectHandlers : 89)] -
					Rejected bean name 'enableGlobalAuthenticationAutowiredConfigurer': no URL paths identified
[DEBUG] [9473 ms] [09-20-2017 10:06:00] [BeanNameUrlHandlerMapping (detectHandlers : 89)] -
					Rejected bean name 'initializeUserDetailsBeanManagerConfigurer': no URL paths identified
[DEBUG] [9473 ms] [09-20-2017 10:06:00] [BeanNameUrlHandlerMapping (detectHandlers : 89)] -
					Rejected bean name 'initializeAuthenticationProviderBeanManagerConfigurer': no URL paths identified
[DEBUG] [9473 ms] [09-20-2017 10:06:00] [BeanNameUrlHandlerMapping (detectHandlers : 89)] -
					Rejected bean name 'org.springframework.security.config.annotation.web.configuration.WebSecurityConfiguration': no URL paths identified
[DEBUG] [9473 ms] [09-20-2017 10:06:00] [BeanNameUrlHandlerMapping (detectHandlers : 89)] -
					Rejected bean name 'delegatingApplicationListener': no URL paths identified
[DEBUG] [9473 ms] [09-20-2017 10:06:00] [BeanNameUrlHandlerMapping (detectHandlers : 89)] -
					Rejected bean name 'webSecurityExpressionHandler': no URL paths identified
[DEBUG] [9473 ms] [09-20-2017 10:06:00] [BeanNameUrlHandlerMapping (detectHandlers : 89)] -
					Rejected bean name 'springSecurityFilterChain': no URL paths identified
[DEBUG] [9473 ms] [09-20-2017 10:06:00] [BeanNameUrlHandlerMapping (detectHandlers : 89)] -
					Rejected bean name 'privilegeEvaluator': no URL paths identified
[DEBUG] [9473 ms] [09-20-2017 10:06:00] [BeanNameUrlHandlerMapping (detectHandlers : 89)] -
					Rejected bean name 'autowiredWebSecurityConfigurersIgnoreParents': no URL paths identified
[DEBUG] [9473 ms] [09-20-2017 10:06:00] [BeanNameUrlHandlerMapping (detectHandlers : 89)] -
					Rejected bean name 'org.springframework.security.config.annotation.web.configuration.WebMvcSecurityConfiguration': no URL paths identified
[DEBUG] [9474 ms] [09-20-2017 10:06:00] [BeanNameUrlHandlerMapping (detectHandlers : 89)] -
					Rejected bean name 'requestDataValueProcessor': no URL paths identified
[DEBUG] [9474 ms] [09-20-2017 10:06:00] [BeanNameUrlHandlerMapping (detectHandlers : 89)] -
					Rejected bean name 'org.springframework.boot.autoconfigure.security.SpringBootWebSecurityConfiguration': no URL paths identified
[DEBUG] [9474 ms] [09-20-2017 10:06:00] [BeanNameUrlHandlerMapping (detectHandlers : 89)] -
					Rejected bean name 'ignoredPathsWebSecurityConfigurerAdapter': no URL paths identified
[DEBUG] [9474 ms] [09-20-2017 10:06:00] [BeanNameUrlHandlerMapping (detectHandlers : 89)] -
					Rejected bean name 'defaultIgnoredRequestsCustomizer': no URL paths identified
[DEBUG] [9474 ms] [09-20-2017 10:06:00] [BeanNameUrlHandlerMapping (detectHandlers : 89)] -
					Rejected bean name 'org.springframework.boot.autoconfigure.security.AuthenticationManagerConfiguration': no URL paths identified
[DEBUG] [9474 ms] [09-20-2017 10:06:00] [BeanNameUrlHandlerMapping (detectHandlers : 89)] -
					Rejected bean name 'authenticationManager': no URL paths identified
[DEBUG] [9474 ms] [09-20-2017 10:06:00] [BeanNameUrlHandlerMapping (detectHandlers : 89)] -
					Rejected bean name 'springBootAuthenticationConfigurerAdapter': no URL paths identified
[DEBUG] [9474 ms] [09-20-2017 10:06:00] [BeanNameUrlHandlerMapping (detectHandlers : 89)] -
					Rejected bean name 'authenticationManagerConfigurationListener': no URL paths identified
[DEBUG] [9474 ms] [09-20-2017 10:06:00] [BeanNameUrlHandlerMapping (detectHandlers : 89)] -
					Rejected bean name 'org.springframework.boot.autoconfigure.security.BootGlobalAuthenticationConfiguration': no URL paths identified
[DEBUG] [9474 ms] [09-20-2017 10:06:00] [BeanNameUrlHandlerMapping (detectHandlers : 89)] -
					Rejected bean name 'bootGlobalAuthenticationConfigurationAdapter': no URL paths identified
[DEBUG] [9474 ms] [09-20-2017 10:06:00] [BeanNameUrlHandlerMapping (detectHandlers : 89)] -
					Rejected bean name 'org.springframework.boot.autoconfigure.security.SecurityAutoConfiguration': no URL paths identified
[DEBUG] [9474 ms] [09-20-2017 10:06:00] [BeanNameUrlHandlerMapping (detectHandlers : 89)] -
					Rejected bean name 'authenticationEventPublisher': no URL paths identified
[DEBUG] [9474 ms] [09-20-2017 10:06:00] [BeanNameUrlHandlerMapping (detectHandlers : 89)] -
					Rejected bean name 'security-org.springframework.boot.autoconfigure.security.SecurityProperties': no URL paths identified
[DEBUG] [9475 ms] [09-20-2017 10:06:00] [BeanNameUrlHandlerMapping (detectHandlers : 89)] -
					Rejected bean name 'org.springframework.boot.actuate.autoconfigure.ManagementWebSecurityAutoConfiguration$ManagementWebSecurityConfigurerAdapter': no URL paths identified
[DEBUG] [9475 ms] [09-20-2017 10:06:00] [BeanNameUrlHandlerMapping (detectHandlers : 89)] -
					Rejected bean name 'org.springframework.boot.actuate.autoconfigure.ManagementWebSecurityAutoConfiguration$ManagementSecurityPropertiesConfiguration': no URL paths identified
[DEBUG] [9475 ms] [09-20-2017 10:06:00] [BeanNameUrlHandlerMapping (detectHandlers : 89)] -
					Rejected bean name 'org.springframework.boot.actuate.autoconfigure.ManagementWebSecurityAutoConfiguration': no URL paths identified
[DEBUG] [9475 ms] [09-20-2017 10:06:00] [BeanNameUrlHandlerMapping (detectHandlers : 89)] -
					Rejected bean name 'managementIgnoredRequestCustomizer': no URL paths identified
[DEBUG] [9475 ms] [09-20-2017 10:06:00] [BeanNameUrlHandlerMapping (detectHandlers : 89)] -
					Rejected bean name 'org.springframework.boot.actuate.autoconfigure.MetricExportAutoConfiguration$MetricExportPropertiesConfiguration': no URL paths identified
[DEBUG] [9475 ms] [09-20-2017 10:06:00] [BeanNameUrlHandlerMapping (detectHandlers : 89)] -
					Rejected bean name 'spring.metrics.export-org.springframework.boot.actuate.metrics.export.MetricExportProperties': no URL paths identified
[DEBUG] [9475 ms] [09-20-2017 10:06:00] [BeanNameUrlHandlerMapping (detectHandlers : 89)] -
					Rejected bean name 'org.springframework.boot.actuate.autoconfigure.MetricExportAutoConfiguration$StatsdConfiguration': no URL paths identified
[DEBUG] [9475 ms] [09-20-2017 10:06:00] [BeanNameUrlHandlerMapping (detectHandlers : 89)] -
					Rejected bean name 'org.springframework.boot.actuate.autoconfigure.MetricExportAutoConfiguration': no URL paths identified
[DEBUG] [9475 ms] [09-20-2017 10:06:00] [BeanNameUrlHandlerMapping (detectHandlers : 89)] -
					Rejected bean name 'metricWritersMetricExporter': no URL paths identified
[DEBUG] [9476 ms] [09-20-2017 10:06:00] [BeanNameUrlHandlerMapping (detectHandlers : 89)] -
					Rejected bean name 'org.springframework.boot.actuate.autoconfigure.MetricFilterAutoConfiguration': no URL paths identified
[DEBUG] [9476 ms] [09-20-2017 10:06:00] [BeanNameUrlHandlerMapping (detectHandlers : 89)] -
					Rejected bean name 'metricsFilter': no URL paths identified
[DEBUG] [9476 ms] [09-20-2017 10:06:00] [BeanNameUrlHandlerMapping (detectHandlers : 89)] -
					Rejected bean name 'endpoints.metrics.filter-org.springframework.boot.actuate.autoconfigure.MetricFilterProperties': no URL paths identified
[DEBUG] [9476 ms] [09-20-2017 10:06:00] [BeanNameUrlHandlerMapping (detectHandlers : 89)] -
					Rejected bean name 'org.springframework.boot.actuate.autoconfigure.TraceRepositoryAutoConfiguration': no URL paths identified
[DEBUG] [9476 ms] [09-20-2017 10:06:00] [BeanNameUrlHandlerMapping (detectHandlers : 89)] -
					Rejected bean name 'traceRepository': no URL paths identified
[DEBUG] [9476 ms] [09-20-2017 10:06:00] [BeanNameUrlHandlerMapping (detectHandlers : 89)] -
					Rejected bean name 'org.springframework.boot.actuate.autoconfigure.TraceWebFilterAutoConfiguration': no URL paths identified
[DEBUG] [9476 ms] [09-20-2017 10:06:00] [BeanNameUrlHandlerMapping (detectHandlers : 89)] -
					Rejected bean name 'webRequestLoggingFilter': no URL paths identified
[DEBUG] [9476 ms] [09-20-2017 10:06:00] [BeanNameUrlHandlerMapping (detectHandlers : 89)] -
					Rejected bean name 'management.trace-org.springframework.boot.actuate.trace.TraceProperties': no URL paths identified
[DEBUG] [9476 ms] [09-20-2017 10:06:00] [BeanNameUrlHandlerMapping (detectHandlers : 89)] -
					Rejected bean name 'org.springframework.boot.autoconfigure.admin.SpringApplicationAdminJmxAutoConfiguration': no URL paths identified
[DEBUG] [9476 ms] [09-20-2017 10:06:00] [BeanNameUrlHandlerMapping (detectHandlers : 89)] -
					Rejected bean name 'springApplicationAdminRegistrar': no URL paths identified
[DEBUG] [9477 ms] [09-20-2017 10:06:00] [BeanNameUrlHandlerMapping (detectHandlers : 89)] -
					Rejected bean name 'org.springframework.boot.autoconfigure.aop.AopAutoConfiguration$CglibAutoProxyConfiguration': no URL paths identified
[DEBUG] [9477 ms] [09-20-2017 10:06:00] [BeanNameUrlHandlerMapping (detectHandlers : 89)] -
					Rejected bean name 'org.springframework.aop.config.internalAutoProxyCreator': no URL paths identified
[DEBUG] [9477 ms] [09-20-2017 10:06:00] [BeanNameUrlHandlerMapping (detectHandlers : 89)] -
					Rejected bean name 'org.springframework.boot.autoconfigure.aop.AopAutoConfiguration': no URL paths identified
[DEBUG] [9477 ms] [09-20-2017 10:06:00] [BeanNameUrlHandlerMapping (detectHandlers : 89)] -
					Rejected bean name 'org.springframework.boot.autoconfigure.context.ConfigurationPropertiesAutoConfiguration': no URL paths identified
[DEBUG] [9477 ms] [09-20-2017 10:06:00] [BeanNameUrlHandlerMapping (detectHandlers : 89)] -
					Rejected bean name 'org.springframework.boot.autoconfigure.dao.PersistenceExceptionTranslationAutoConfiguration': no URL paths identified
[DEBUG] [9477 ms] [09-20-2017 10:06:00] [BeanNameUrlHandlerMapping (detectHandlers : 89)] -
					Rejected bean name 'persistenceExceptionTranslationPostProcessor': no URL paths identified
[DEBUG] [9477 ms] [09-20-2017 10:06:00] [BeanNameUrlHandlerMapping (detectHandlers : 89)] -
					Rejected bean name 'org.springframework.boot.autoconfigure.jdbc.DataSourceTransactionManagerAutoConfiguration$DataSourceTransactionManagerConfiguration': no URL paths identified
[DEBUG] [9477 ms] [09-20-2017 10:06:00] [BeanNameUrlHandlerMapping (detectHandlers : 89)] -
					Rejected bean name 'org.springframework.boot.autoconfigure.jdbc.DataSourceTransactionManagerAutoConfiguration': no URL paths identified
[DEBUG] [9478 ms] [09-20-2017 10:06:00] [BeanNameUrlHandlerMapping (detectHandlers : 89)] -
					Rejected bean name 'org.springframework.boot.autoconfigure.jdbc.JdbcTemplateAutoConfiguration$JdbcTemplateConfiguration': no URL paths identified
[DEBUG] [9478 ms] [09-20-2017 10:06:00] [BeanNameUrlHandlerMapping (detectHandlers : 89)] -
					Rejected bean name 'jdbcTemplate': no URL paths identified
[DEBUG] [9478 ms] [09-20-2017 10:06:00] [BeanNameUrlHandlerMapping (detectHandlers : 89)] -
					Rejected bean name 'org.springframework.boot.autoconfigure.jdbc.JdbcTemplateAutoConfiguration$NamedParameterJdbcTemplateConfiguration': no URL paths identified
[DEBUG] [9478 ms] [09-20-2017 10:06:00] [BeanNameUrlHandlerMapping (detectHandlers : 89)] -
					Rejected bean name 'namedParameterJdbcTemplate': no URL paths identified
[DEBUG] [9478 ms] [09-20-2017 10:06:00] [BeanNameUrlHandlerMapping (detectHandlers : 89)] -
					Rejected bean name 'org.springframework.boot.autoconfigure.jdbc.JdbcTemplateAutoConfiguration': no URL paths identified
[DEBUG] [9478 ms] [09-20-2017 10:06:00] [BeanNameUrlHandlerMapping (detectHandlers : 89)] -
					Rejected bean name 'spring.jdbc-org.springframework.boot.autoconfigure.jdbc.JdbcProperties': no URL paths identified
[DEBUG] [9478 ms] [09-20-2017 10:06:00] [BeanNameUrlHandlerMapping (detectHandlers : 89)] -
					Rejected bean name 'org.springframework.boot.autoconfigure.thymeleaf.ThymeleafAutoConfiguration$ThymeleafJava8TimeDialect': no URL paths identified
[DEBUG] [9478 ms] [09-20-2017 10:06:00] [BeanNameUrlHandlerMapping (detectHandlers : 89)] -
					Rejected bean name 'java8TimeDialect': no URL paths identified
[DEBUG] [9478 ms] [09-20-2017 10:06:00] [BeanNameUrlHandlerMapping (detectHandlers : 89)] -
					Rejected bean name 'org.springframework.boot.autoconfigure.thymeleaf.ThymeleafAutoConfiguration$ThymeleafWebMvcConfiguration$ThymeleafViewResolverConfiguration': no URL paths identified
[DEBUG] [9478 ms] [09-20-2017 10:06:00] [BeanNameUrlHandlerMapping (detectHandlers : 89)] -
					Rejected bean name 'thymeleafViewResolver': no URL paths identified
[DEBUG] [9478 ms] [09-20-2017 10:06:00] [BeanNameUrlHandlerMapping (detectHandlers : 89)] -
					Rejected bean name 'org.springframework.boot.autoconfigure.thymeleaf.ThymeleafAutoConfiguration$ThymeleafWebMvcConfiguration': no URL paths identified
[DEBUG] [9478 ms] [09-20-2017 10:06:00] [BeanNameUrlHandlerMapping (detectHandlers : 89)] -
					Rejected bean name 'org.springframework.boot.autoconfigure.thymeleaf.ThymeleafAutoConfiguration$ThymeleafDefaultConfiguration': no URL paths identified
[DEBUG] [9478 ms] [09-20-2017 10:06:00] [BeanNameUrlHandlerMapping (detectHandlers : 89)] -
					Rejected bean name 'templateEngine': no URL paths identified
[DEBUG] [9479 ms] [09-20-2017 10:06:00] [BeanNameUrlHandlerMapping (detectHandlers : 89)] -
					Rejected bean name 'org.springframework.boot.autoconfigure.thymeleaf.ThymeleafAutoConfiguration$DefaultTemplateResolverConfiguration': no URL paths identified
[DEBUG] [9479 ms] [09-20-2017 10:06:00] [BeanNameUrlHandlerMapping (detectHandlers : 89)] -
					Rejected bean name 'defaultTemplateResolver': no URL paths identified
[DEBUG] [9479 ms] [09-20-2017 10:06:00] [BeanNameUrlHandlerMapping (detectHandlers : 89)] -
					Rejected bean name 'org.springframework.boot.autoconfigure.thymeleaf.ThymeleafAutoConfiguration': no URL paths identified
[DEBUG] [9479 ms] [09-20-2017 10:06:00] [BeanNameUrlHandlerMapping (detectHandlers : 89)] -
					Rejected bean name 'spring.thymeleaf-org.springframework.boot.autoconfigure.thymeleaf.ThymeleafProperties': no URL paths identified
[DEBUG] [9479 ms] [09-20-2017 10:06:00] [BeanNameUrlHandlerMapping (detectHandlers : 89)] -
					Rejected bean name 'org.springframework.boot.autoconfigure.security.SecurityFilterAutoConfiguration': no URL paths identified
[DEBUG] [9479 ms] [09-20-2017 10:06:00] [BeanNameUrlHandlerMapping (detectHandlers : 89)] -
					Rejected bean name 'securityFilterChainRegistration': no URL paths identified
[DEBUG] [9479 ms] [09-20-2017 10:06:00] [BeanNameUrlHandlerMapping (detectHandlers : 89)] -
					Rejected bean name 'org.springframework.transaction.annotation.ProxyTransactionManagementConfiguration': no URL paths identified
[DEBUG] [9479 ms] [09-20-2017 10:06:00] [BeanNameUrlHandlerMapping (detectHandlers : 89)] -
					Rejected bean name 'org.springframework.transaction.config.internalTransactionAdvisor': no URL paths identified
[DEBUG] [9479 ms] [09-20-2017 10:06:00] [BeanNameUrlHandlerMapping (detectHandlers : 89)] -
					Rejected bean name 'transactionAttributeSource': no URL paths identified
[DEBUG] [9480 ms] [09-20-2017 10:06:00] [BeanNameUrlHandlerMapping (detectHandlers : 89)] -
					Rejected bean name 'transactionInterceptor': no URL paths identified
[DEBUG] [9480 ms] [09-20-2017 10:06:00] [BeanNameUrlHandlerMapping (detectHandlers : 89)] -
					Rejected bean name 'org.springframework.transaction.config.internalTransactionalEventListenerFactory': no URL paths identified
[DEBUG] [9480 ms] [09-20-2017 10:06:00] [BeanNameUrlHandlerMapping (detectHandlers : 89)] -
					Rejected bean name 'org.springframework.boot.autoconfigure.transaction.TransactionAutoConfiguration$EnableTransactionManagementConfiguration$CglibAutoProxyConfiguration': no URL paths identified
[DEBUG] [9480 ms] [09-20-2017 10:06:00] [BeanNameUrlHandlerMapping (detectHandlers : 89)] -
					Rejected bean name 'org.springframework.boot.autoconfigure.transaction.TransactionAutoConfiguration$EnableTransactionManagementConfiguration': no URL paths identified
[DEBUG] [9480 ms] [09-20-2017 10:06:00] [BeanNameUrlHandlerMapping (detectHandlers : 89)] -
					Rejected bean name 'org.springframework.boot.autoconfigure.transaction.TransactionAutoConfiguration$TransactionTemplateConfiguration': no URL paths identified
[DEBUG] [9480 ms] [09-20-2017 10:06:00] [BeanNameUrlHandlerMapping (detectHandlers : 89)] -
					Rejected bean name 'transactionTemplate': no URL paths identified
[DEBUG] [9480 ms] [09-20-2017 10:06:00] [BeanNameUrlHandlerMapping (detectHandlers : 89)] -
					Rejected bean name 'org.springframework.boot.autoconfigure.transaction.TransactionAutoConfiguration': no URL paths identified
[DEBUG] [9480 ms] [09-20-2017 10:06:00] [BeanNameUrlHandlerMapping (detectHandlers : 89)] -
					Rejected bean name 'platformTransactionManagerCustomizers': no URL paths identified
[DEBUG] [9480 ms] [09-20-2017 10:06:00] [BeanNameUrlHandlerMapping (detectHandlers : 89)] -
					Rejected bean name 'spring.transaction-org.springframework.boot.autoconfigure.transaction.TransactionProperties': no URL paths identified
[DEBUG] [9480 ms] [09-20-2017 10:06:00] [BeanNameUrlHandlerMapping (detectHandlers : 89)] -
					Rejected bean name 'org.springframework.boot.autoconfigure.web.client.RestTemplateAutoConfiguration': no URL paths identified
[DEBUG] [9480 ms] [09-20-2017 10:06:00] [BeanNameUrlHandlerMapping (detectHandlers : 89)] -
					Rejected bean name 'restTemplateBuilder': no URL paths identified
[DEBUG] [9480 ms] [09-20-2017 10:06:00] [BeanNameUrlHandlerMapping (detectHandlers : 89)] -
					Rejected bean name 'org.springframework.boot.autoconfigure.web.servlet.HttpEncodingAutoConfiguration': no URL paths identified
[DEBUG] [9480 ms] [09-20-2017 10:06:00] [BeanNameUrlHandlerMapping (detectHandlers : 89)] -
					Rejected bean name 'characterEncodingFilter': no URL paths identified
[DEBUG] [9480 ms] [09-20-2017 10:06:00] [BeanNameUrlHandlerMapping (detectHandlers : 89)] -
					Rejected bean name 'localeCharsetMappingsCustomizer': no URL paths identified
[DEBUG] [9481 ms] [09-20-2017 10:06:00] [BeanNameUrlHandlerMapping (detectHandlers : 89)] -
					Rejected bean name 'org.springframework.boot.autoconfigure.web.servlet.MultipartAutoConfiguration': no URL paths identified
[DEBUG] [9481 ms] [09-20-2017 10:06:00] [BeanNameUrlHandlerMapping (detectHandlers : 89)] -
					Rejected bean name 'multipartConfigElement': no URL paths identified
[DEBUG] [9481 ms] [09-20-2017 10:06:00] [BeanNameUrlHandlerMapping (detectHandlers : 89)] -
					Rejected bean name 'multipartResolver': no URL paths identified
[DEBUG] [9481 ms] [09-20-2017 10:06:00] [BeanNameUrlHandlerMapping (detectHandlers : 89)] -
					Rejected bean name 'spring.servlet.multipart-org.springframework.boot.autoconfigure.web.servlet.MultipartProperties': no URL paths identified
[DEBUG] [9481 ms] [09-20-2017 10:06:00] [BeanNameUrlHandlerMapping (detectHandlers : 89)] -
					Rejected bean name 'org.springframework.ws.config.annotation.DelegatingWsConfiguration': no URL paths identified
[DEBUG] [9481 ms] [09-20-2017 10:06:00] [BeanNameUrlHandlerMapping (detectHandlers : 89)] -
					Rejected bean name 'payloadRootAnnotationMethodEndpointMapping': no URL paths identified
[DEBUG] [9481 ms] [09-20-2017 10:06:00] [BeanNameUrlHandlerMapping (detectHandlers : 89)] -
					Rejected bean name 'soapActionAnnotationMethodEndpointMapping': no URL paths identified
[DEBUG] [9481 ms] [09-20-2017 10:06:00] [BeanNameUrlHandlerMapping (detectHandlers : 89)] -
					Rejected bean name 'annotationActionEndpointMapping': no URL paths identified
[DEBUG] [9481 ms] [09-20-2017 10:06:00] [BeanNameUrlHandlerMapping (detectHandlers : 89)] -
					Rejected bean name 'defaultMethodEndpointAdapter': no URL paths identified
[DEBUG] [9481 ms] [09-20-2017 10:06:00] [BeanNameUrlHandlerMapping (detectHandlers : 89)] -
					Rejected bean name 'soapFaultAnnotationExceptionResolver': no URL paths identified
[DEBUG] [9481 ms] [09-20-2017 10:06:00] [BeanNameUrlHandlerMapping (detectHandlers : 89)] -
					Rejected bean name 'simpleSoapExceptionResolver': no URL paths identified
[DEBUG] [9481 ms] [09-20-2017 10:06:00] [BeanNameUrlHandlerMapping (detectHandlers : 89)] -
					Rejected bean name 'org.springframework.boot.autoconfigure.webservices.WebServicesAutoConfiguration$WsConfiguration': no URL paths identified
[DEBUG] [9481 ms] [09-20-2017 10:06:00] [BeanNameUrlHandlerMapping (detectHandlers : 89)] -
					Rejected bean name 'org.springframework.boot.autoconfigure.webservices.WebServicesAutoConfiguration': no URL paths identified
[DEBUG] [9482 ms] [09-20-2017 10:06:00] [BeanNameUrlHandlerMapping (detectHandlers : 89)] -
					Rejected bean name 'messageDispatcherServlet': no URL paths identified
[DEBUG] [9482 ms] [09-20-2017 10:06:00] [BeanNameUrlHandlerMapping (detectHandlers : 89)] -
					Rejected bean name 'spring.webservices-org.springframework.boot.autoconfigure.webservices.WebServicesProperties': no URL paths identified
[DEBUG] [9482 ms] [09-20-2017 10:06:00] [BeanNameUrlHandlerMapping (detectHandlers : 89)] -
					Rejected bean name 'org.springframework.boot.devtools.autoconfigure.DevToolsDataSourceAutoConfiguration$DatabaseShutdownExecutorJpaDependencyConfiguration': no URL paths identified
[DEBUG] [9482 ms] [09-20-2017 10:06:00] [BeanNameUrlHandlerMapping (detectHandlers : 89)] -
					Rejected bean name 'org.springframework.boot.devtools.autoconfigure.DevToolsDataSourceAutoConfiguration': no URL paths identified
[DEBUG] [9482 ms] [09-20-2017 10:06:00] [BeanNameUrlHandlerMapping (detectHandlers : 89)] -
					Rejected bean name 'inMemoryDatabaseShutdownExecutor': no URL paths identified
[DEBUG] [9482 ms] [09-20-2017 10:06:00] [BeanNameUrlHandlerMapping (detectHandlers : 89)] -
					Rejected bean name 'org.springframework.boot.devtools.autoconfigure.LocalDevToolsAutoConfiguration$RestartConfiguration': no URL paths identified
[DEBUG] [9482 ms] [09-20-2017 10:06:00] [BeanNameUrlHandlerMapping (detectHandlers : 89)] -
					Rejected bean name 'classPathFileSystemWatcher': no URL paths identified
[DEBUG] [9482 ms] [09-20-2017 10:06:00] [BeanNameUrlHandlerMapping (detectHandlers : 89)] -
					Rejected bean name 'classPathRestartStrategy': no URL paths identified
[DEBUG] [9482 ms] [09-20-2017 10:06:00] [BeanNameUrlHandlerMapping (detectHandlers : 89)] -
					Rejected bean name 'hateoasObjenesisCacheDisabler': no URL paths identified
[DEBUG] [9482 ms] [09-20-2017 10:06:00] [BeanNameUrlHandlerMapping (detectHandlers : 89)] -
					Rejected bean name 'fileSystemWatcherFactory': no URL paths identified
[DEBUG] [9482 ms] [09-20-2017 10:06:00] [BeanNameUrlHandlerMapping (detectHandlers : 89)] -
					Rejected bean name 'org.springframework.boot.devtools.autoconfigure.LocalDevToolsAutoConfiguration$LiveReloadConfiguration': no URL paths identified
[DEBUG] [9482 ms] [09-20-2017 10:06:00] [BeanNameUrlHandlerMapping (detectHandlers : 89)] -
					Rejected bean name 'liveReloadServer': no URL paths identified
[DEBUG] [9482 ms] [09-20-2017 10:06:00] [BeanNameUrlHandlerMapping (detectHandlers : 89)] -
					Rejected bean name 'optionalLiveReloadServer': no URL paths identified
[DEBUG] [9482 ms] [09-20-2017 10:06:00] [BeanNameUrlHandlerMapping (detectHandlers : 89)] -
					Rejected bean name 'org.springframework.boot.devtools.autoconfigure.LocalDevToolsAutoConfiguration': no URL paths identified
[DEBUG] [9483 ms] [09-20-2017 10:06:00] [BeanNameUrlHandlerMapping (detectHandlers : 89)] -
					Rejected bean name 'spring.devtools-org.springframework.boot.devtools.autoconfigure.DevToolsProperties': no URL paths identified
[DEBUG] [9483 ms] [09-20-2017 10:06:00] [BeanNameUrlHandlerMapping (detectHandlers : 89)] -
					Rejected bean name 'org.springframework.orm.jpa.SharedEntityManagerCreator#0': no URL paths identified
[DEBUG] [9483 ms] [09-20-2017 10:06:00] [BeanNameUrlHandlerMapping (detectHandlers : 89)] -
					Rejected bean name 'autoConfigurationReport': no URL paths identified
[DEBUG] [9483 ms] [09-20-2017 10:06:00] [BeanNameUrlHandlerMapping (detectHandlers : 89)] -
					Rejected bean name 'springApplicationArguments': no URL paths identified
[DEBUG] [9483 ms] [09-20-2017 10:06:00] [BeanNameUrlHandlerMapping (detectHandlers : 89)] -
					Rejected bean name 'springBootBanner': no URL paths identified
[DEBUG] [9483 ms] [09-20-2017 10:06:00] [BeanNameUrlHandlerMapping (detectHandlers : 89)] -
					Rejected bean name 'springBootLoggingSystem': no URL paths identified
[DEBUG] [9483 ms] [09-20-2017 10:06:00] [BeanNameUrlHandlerMapping (detectHandlers : 89)] -
					Rejected bean name 'environment': no URL paths identified
[DEBUG] [9483 ms] [09-20-2017 10:06:00] [BeanNameUrlHandlerMapping (detectHandlers : 89)] -
					Rejected bean name 'systemProperties': no URL paths identified
[DEBUG] [9483 ms] [09-20-2017 10:06:00] [BeanNameUrlHandlerMapping (detectHandlers : 89)] -
					Rejected bean name 'systemEnvironment': no URL paths identified
[DEBUG] [9483 ms] [09-20-2017 10:06:00] [BeanNameUrlHandlerMapping (detectHandlers : 89)] -
					Rejected bean name 'org.springframework.context.annotation.ConfigurationClassPostProcessor.importRegistry': no URL paths identified
[DEBUG] [9483 ms] [09-20-2017 10:06:00] [BeanNameUrlHandlerMapping (detectHandlers : 89)] -
					Rejected bean name 'messageSource': no URL paths identified
[DEBUG] [9483 ms] [09-20-2017 10:06:00] [BeanNameUrlHandlerMapping (detectHandlers : 89)] -
					Rejected bean name 'applicationEventMulticaster': no URL paths identified
[DEBUG] [9483 ms] [09-20-2017 10:06:00] [BeanNameUrlHandlerMapping (detectHandlers : 89)] -
					Rejected bean name 'servletContext': no URL paths identified
[DEBUG] [9483 ms] [09-20-2017 10:06:00] [BeanNameUrlHandlerMapping (detectHandlers : 89)] -
					Rejected bean name 'contextParameters': no URL paths identified
[DEBUG] [9484 ms] [09-20-2017 10:06:00] [BeanNameUrlHandlerMapping (detectHandlers : 89)] -
					Rejected bean name 'contextAttributes': no URL paths identified
[INFO] [9490 ms] [09-20-2017 10:06:00] [SimpleUrlHandlerMapping (registerHandler : 370)] -
					Mapped URL path [/static/**] onto handler of type [class org.springframework.web.servlet.resource.ResourceHttpRequestHandler]
[INFO] [9547 ms] [09-20-2017 10:06:00] [RequestMappingHandlerAdapter (initControllerAdviceCache : 566)] -
					Looking for @ControllerAdvice: org.springframework.boot.web.servlet.context.AnnotationConfigServletWebServerApplicationContext@6c640c07: startup date [Wed Sep 20 10:05:52 EDT 2017]; root of context hierarchy
[INFO] [9555 ms] [09-20-2017 10:06:00] [RequestMappingHandlerAdapter (initControllerAdviceCache : 602)] -
					Detected ResponseBodyAdvice bean in org.springframework.boot.actuate.autoconfigure.EndpointWebMvcHypermediaManagementContextConfiguration$ActuatorEndpointLinksAdvice
[DEBUG] [9582 ms] [09-20-2017 10:06:00] [ExceptionHandlerExceptionResolver (initExceptionHandlerAdviceCache : 272)] -
					Looking for exception mappings: org.springframework.boot.web.servlet.context.AnnotationConfigServletWebServerApplicationContext@6c640c07: startup date [Wed Sep 20 10:05:52 EDT 2017]; root of context hierarchy
[INFO] [9588 ms] [09-20-2017 10:06:00] [ExceptionHandlerExceptionResolver (initExceptionHandlerAdviceCache : 287)] -
					Detected @ExceptionHandler methods in repositoryRestExceptionHandler
[INFO] [9588 ms] [09-20-2017 10:06:00] [ExceptionHandlerExceptionResolver (initExceptionHandlerAdviceCache : 293)] -
					Detected ResponseBodyAdvice implementation in org.springframework.boot.actuate.autoconfigure.EndpointWebMvcHypermediaManagementContextConfiguration$ActuatorEndpointLinksAdvice
[DEBUG] [10908 ms] [09-20-2017 10:06:01] [StandardServletEnvironment (addLast : 110)] -
					Adding [Management Server] PropertySource with lowest search precedence
[DEBUG] [10970 ms] [09-20-2017 10:06:01] [ResourceUrlProvider (detectResourceHandlers : 143)] -
					Looking for resource handler mappings
[DEBUG] [10971 ms] [09-20-2017 10:06:01] [ResourceUrlProvider (detectResourceHandlers : 155)] -
					Found resource handler mapping: URL pattern="/static/**", locations=[class path resource [static/]], resolvers=[org.springframework.web.servlet.resource.PathResourceResolver@1ee3cadc]
[DEBUG] [11011 ms] [09-20-2017 10:06:01] [StandardServletEnvironment (addFirst : 98)] -
					Adding [server.ports] PropertySource with highest search precedence
